mode: atomic
github.com/datdev2409/lab-admin-go/internal/auth/jwt.go:10.49,20.2 4 7
github.com/datdev2409/lab-admin-go/internal/auth/jwt.go:22.54,24.83 2 9
github.com/datdev2409/lab-admin-go/internal/auth/jwt.go:24.83,25.58 1 6
github.com/datdev2409/lab-admin-go/internal/auth/jwt.go:25.58,27.4 1 0
github.com/datdev2409/lab-admin-go/internal/auth/jwt.go:28.3,28.24 1 6
github.com/datdev2409/lab-admin-go/internal/auth/jwt.go:31.2,31.16 1 9
github.com/datdev2409/lab-admin-go/internal/auth/jwt.go:31.16,33.3 1 4
github.com/datdev2409/lab-admin-go/internal/auth/jwt.go:35.2,35.67 1 5
github.com/datdev2409/lab-admin-go/internal/auth/jwt.go:35.67,36.50 1 5
github.com/datdev2409/lab-admin-go/internal/auth/jwt.go:36.50,38.4 1 5
github.com/datdev2409/lab-admin-go/internal/auth/jwt.go:41.2,41.38 1 0
github.com/datdev2409/lab-admin-go/internal/handlers/auth_handler.go:18.84,20.2 1 0
github.com/datdev2409/lab-admin-go/internal/handlers/auth_handler.go:22.81,24.2 1 0
github.com/datdev2409/lab-admin-go/internal/handlers/auth_handler.go:27.81,33.61 2 0
github.com/datdev2409/lab-admin-go/internal/handlers/auth_handler.go:33.61,35.3 1 0
github.com/datdev2409/lab-admin-go/internal/handlers/auth_handler.go:36.2,36.70 1 0
github.com/datdev2409/lab-admin-go/internal/handlers/auth_handler.go:36.70,38.3 1 0
github.com/datdev2409/lab-admin-go/internal/handlers/auth_handler.go:39.2,40.34 2 0
github.com/datdev2409/lab-admin-go/internal/handlers/auth_handler.go:40.34,42.3 1 0
github.com/datdev2409/lab-admin-go/internal/handlers/auth_handler.go:45.2,47.39 3 0
github.com/datdev2409/lab-admin-go/internal/handlers/auth_handler.go:47.39,49.3 1 0
github.com/datdev2409/lab-admin-go/internal/handlers/auth_handler.go:51.2,51.51 1 0
github.com/datdev2409/lab-admin-go/internal/handlers/auth_handler.go:51.51,53.3 1 0
github.com/datdev2409/lab-admin-go/internal/handlers/auth_handler.go:55.2,57.16 3 0
github.com/datdev2409/lab-admin-go/internal/handlers/auth_handler.go:57.16,59.3 1 0
github.com/datdev2409/lab-admin-go/internal/handlers/auth_handler.go:61.2,62.12 2 0
github.com/datdev2409/lab-admin-go/internal/handlers/auth_handler.go:66.78,72.61 3 0
github.com/datdev2409/lab-admin-go/internal/handlers/auth_handler.go:72.61,75.3 2 0
github.com/datdev2409/lab-admin-go/internal/handlers/auth_handler.go:76.2,76.46 1 0
github.com/datdev2409/lab-admin-go/internal/handlers/auth_handler.go:76.46,78.3 1 0
github.com/datdev2409/lab-admin-go/internal/handlers/auth_handler.go:80.2,82.31 3 0
github.com/datdev2409/lab-admin-go/internal/handlers/auth_handler.go:82.31,84.3 1 0
github.com/datdev2409/lab-admin-go/internal/handlers/auth_handler.go:86.2,87.22 2 0
github.com/datdev2409/lab-admin-go/internal/handlers/auth_handler.go:87.22,89.3 1 0
github.com/datdev2409/lab-admin-go/internal/handlers/auth_handler.go:91.2,92.16 2 0
github.com/datdev2409/lab-admin-go/internal/handlers/auth_handler.go:92.16,94.3 1 0
github.com/datdev2409/lab-admin-go/internal/handlers/auth_handler.go:97.2,107.12 3 0
github.com/datdev2409/lab-admin-go/internal/handlers/auth_handler.go:111.79,126.2 3 0
github.com/datdev2409/lab-admin-go/internal/handlers/combo_handler.go:13.81,15.2 1 0
github.com/datdev2409/lab-admin-go/internal/handlers/combo_handler.go:17.87,19.2 1 0
github.com/datdev2409/lab-admin-go/internal/handlers/combo_handler.go:21.85,24.2 2 0
github.com/datdev2409/lab-admin-go/internal/handlers/combo_handler.go:27.78,29.16 2 0
github.com/datdev2409/lab-admin-go/internal/handlers/combo_handler.go:29.16,31.3 1 0
github.com/datdev2409/lab-admin-go/internal/handlers/combo_handler.go:32.2,33.16 2 0
github.com/datdev2409/lab-admin-go/internal/handlers/combo_handler.go:33.16,35.3 1 0
github.com/datdev2409/lab-admin-go/internal/handlers/combo_handler.go:36.2,38.16 3 0
github.com/datdev2409/lab-admin-go/internal/handlers/combo_handler.go:38.16,40.3 1 0
github.com/datdev2409/lab-admin-go/internal/handlers/combo_handler.go:41.2,42.12 2 0
github.com/datdev2409/lab-admin-go/internal/handlers/combo_handler.go:46.79,51.61 2 0
github.com/datdev2409/lab-admin-go/internal/handlers/combo_handler.go:51.61,53.3 1 0
github.com/datdev2409/lab-admin-go/internal/handlers/combo_handler.go:54.2,54.45 1 0
github.com/datdev2409/lab-admin-go/internal/handlers/combo_handler.go:54.45,56.3 1 0
github.com/datdev2409/lab-admin-go/internal/handlers/combo_handler.go:57.2,59.16 3 0
github.com/datdev2409/lab-admin-go/internal/handlers/combo_handler.go:59.16,61.3 1 0
github.com/datdev2409/lab-admin-go/internal/handlers/combo_handler.go:62.2,63.12 2 0
github.com/datdev2409/lab-admin-go/internal/handlers/combo_handler.go:67.76,70.16 3 0
github.com/datdev2409/lab-admin-go/internal/handlers/combo_handler.go:70.16,72.3 1 0
github.com/datdev2409/lab-admin-go/internal/handlers/combo_handler.go:73.2,74.12 2 0
github.com/datdev2409/lab-admin-go/internal/handlers/combo_handler.go:78.81,81.16 3 0
github.com/datdev2409/lab-admin-go/internal/handlers/combo_handler.go:81.16,83.3 1 0
github.com/datdev2409/lab-admin-go/internal/handlers/combo_handler.go:84.2,85.12 2 0
github.com/datdev2409/lab-admin-go/internal/handlers/combo_handler.go:89.79,95.61 3 0
github.com/datdev2409/lab-admin-go/internal/handlers/combo_handler.go:95.61,97.3 1 0
github.com/datdev2409/lab-admin-go/internal/handlers/combo_handler.go:98.2,99.21 2 0
github.com/datdev2409/lab-admin-go/internal/handlers/combo_handler.go:99.21,101.3 1 0
github.com/datdev2409/lab-admin-go/internal/handlers/combo_handler.go:102.2,102.24 1 0
github.com/datdev2409/lab-admin-go/internal/handlers/combo_handler.go:102.24,104.3 1 0
github.com/datdev2409/lab-admin-go/internal/handlers/combo_handler.go:105.2,105.22 1 0
github.com/datdev2409/lab-admin-go/internal/handlers/combo_handler.go:105.22,108.3 2 0
github.com/datdev2409/lab-admin-go/internal/handlers/combo_handler.go:109.2,110.16 2 0
github.com/datdev2409/lab-admin-go/internal/handlers/combo_handler.go:110.16,112.3 1 0
github.com/datdev2409/lab-admin-go/internal/handlers/combo_handler.go:113.2,114.12 2 0
github.com/datdev2409/lab-admin-go/internal/handlers/combo_handler.go:118.79,120.65 2 0
github.com/datdev2409/lab-admin-go/internal/handlers/combo_handler.go:120.65,122.3 1 0
github.com/datdev2409/lab-admin-go/internal/handlers/combo_handler.go:123.2,124.12 2 0
github.com/datdev2409/lab-admin-go/internal/handlers/doctor_handler.go:13.82,15.2 1 0
github.com/datdev2409/lab-admin-go/internal/handlers/doctor_handler.go:18.79,20.16 2 0
github.com/datdev2409/lab-admin-go/internal/handlers/doctor_handler.go:20.16,22.3 1 0
github.com/datdev2409/lab-admin-go/internal/handlers/doctor_handler.go:23.2,24.16 2 0
github.com/datdev2409/lab-admin-go/internal/handlers/doctor_handler.go:24.16,26.3 1 0
github.com/datdev2409/lab-admin-go/internal/handlers/doctor_handler.go:28.2,30.16 3 0
github.com/datdev2409/lab-admin-go/internal/handlers/doctor_handler.go:30.16,32.3 1 0
github.com/datdev2409/lab-admin-go/internal/handlers/doctor_handler.go:34.2,35.12 2 0
github.com/datdev2409/lab-admin-go/internal/handlers/doctor_handler.go:39.80,45.61 2 0
github.com/datdev2409/lab-admin-go/internal/handlers/doctor_handler.go:45.61,47.3 1 0
github.com/datdev2409/lab-admin-go/internal/handlers/doctor_handler.go:49.2,50.16 2 0
github.com/datdev2409/lab-admin-go/internal/handlers/doctor_handler.go:50.16,52.3 1 0
github.com/datdev2409/lab-admin-go/internal/handlers/doctor_handler.go:53.2,53.21 1 0
github.com/datdev2409/lab-admin-go/internal/handlers/doctor_handler.go:53.21,55.3 1 0
github.com/datdev2409/lab-admin-go/internal/handlers/doctor_handler.go:57.2,59.16 3 0
github.com/datdev2409/lab-admin-go/internal/handlers/doctor_handler.go:59.16,61.3 1 0
github.com/datdev2409/lab-admin-go/internal/handlers/doctor_handler.go:62.2,63.12 2 0
github.com/datdev2409/lab-admin-go/internal/handlers/doctor_handler.go:67.77,70.16 3 0
github.com/datdev2409/lab-admin-go/internal/handlers/doctor_handler.go:70.16,72.3 1 0
github.com/datdev2409/lab-admin-go/internal/handlers/doctor_handler.go:73.2,74.12 2 0
github.com/datdev2409/lab-admin-go/internal/handlers/doctor_handler.go:78.80,85.61 3 0
github.com/datdev2409/lab-admin-go/internal/handlers/doctor_handler.go:85.61,87.3 1 0
github.com/datdev2409/lab-admin-go/internal/handlers/doctor_handler.go:90.2,90.41 1 0
github.com/datdev2409/lab-admin-go/internal/handlers/doctor_handler.go:90.41,93.17 2 0
github.com/datdev2409/lab-admin-go/internal/handlers/doctor_handler.go:93.17,95.4 1 0
github.com/datdev2409/lab-admin-go/internal/handlers/doctor_handler.go:98.3,100.22 3 0
github.com/datdev2409/lab-admin-go/internal/handlers/doctor_handler.go:100.22,102.4 1 0
github.com/datdev2409/lab-admin-go/internal/handlers/doctor_handler.go:103.3,103.23 1 0
github.com/datdev2409/lab-admin-go/internal/handlers/doctor_handler.go:103.23,105.4 1 0
github.com/datdev2409/lab-admin-go/internal/handlers/doctor_handler.go:108.3,109.17 2 0
github.com/datdev2409/lab-admin-go/internal/handlers/doctor_handler.go:109.17,111.4 1 0
github.com/datdev2409/lab-admin-go/internal/handlers/doctor_handler.go:112.3,112.43 1 0
github.com/datdev2409/lab-admin-go/internal/handlers/doctor_handler.go:112.43,114.4 1 0
github.com/datdev2409/lab-admin-go/internal/handlers/doctor_handler.go:117.2,122.74 2 0
github.com/datdev2409/lab-admin-go/internal/handlers/doctor_handler.go:122.74,124.3 1 0
github.com/datdev2409/lab-admin-go/internal/handlers/doctor_handler.go:125.2,126.16 2 0
github.com/datdev2409/lab-admin-go/internal/handlers/doctor_handler.go:126.16,128.3 1 0
github.com/datdev2409/lab-admin-go/internal/handlers/doctor_handler.go:130.2,131.12 2 0
github.com/datdev2409/lab-admin-go/internal/handlers/doctor_handler.go:135.80,137.66 2 0
github.com/datdev2409/lab-admin-go/internal/handlers/doctor_handler.go:137.66,139.3 1 0
github.com/datdev2409/lab-admin-go/internal/handlers/doctor_handler.go:140.2,141.12 2 0
github.com/datdev2409/lab-admin-go/internal/handlers/error_handler.go:21.35,23.2 1 2
github.com/datdev2409/lab-admin-go/internal/handlers/error_handler.go:28.71,36.2 4 1
github.com/datdev2409/lab-admin-go/internal/handlers/error_handler.go:39.109,48.2 4 1
github.com/datdev2409/lab-admin-go/internal/handlers/error_handler.go:51.86,62.2 6 3
github.com/datdev2409/lab-admin-go/internal/handlers/error_handler.go:65.42,66.19 1 2
github.com/datdev2409/lab-admin-go/internal/handlers/error_handler.go:66.19,68.3 1 1
github.com/datdev2409/lab-admin-go/internal/handlers/error_handler.go:69.2,69.69 1 2
github.com/datdev2409/lab-admin-go/internal/handlers/error_handler.go:72.46,73.19 1 2
github.com/datdev2409/lab-admin-go/internal/handlers/error_handler.go:73.19,75.3 1 1
github.com/datdev2409/lab-admin-go/internal/handlers/error_handler.go:76.2,76.73 1 2
github.com/datdev2409/lab-admin-go/internal/handlers/error_handler.go:79.44,80.19 1 2
github.com/datdev2409/lab-admin-go/internal/handlers/error_handler.go:80.19,82.3 1 1
github.com/datdev2409/lab-admin-go/internal/handlers/error_handler.go:83.2,83.71 1 2
github.com/datdev2409/lab-admin-go/internal/handlers/error_handler.go:86.43,87.19 1 2
github.com/datdev2409/lab-admin-go/internal/handlers/error_handler.go:87.19,89.3 1 1
github.com/datdev2409/lab-admin-go/internal/handlers/error_handler.go:90.2,90.70 1 2
github.com/datdev2409/lab-admin-go/internal/handlers/error_handler.go:93.48,94.19 1 2
github.com/datdev2409/lab-admin-go/internal/handlers/error_handler.go:94.19,96.3 1 1
github.com/datdev2409/lab-admin-go/internal/handlers/error_handler.go:97.2,97.80 1 2
github.com/datdev2409/lab-admin-go/internal/handlers/error_handler.go:101.55,102.54 1 3
github.com/datdev2409/lab-admin-go/internal/handlers/error_handler.go:102.54,103.34 1 3
github.com/datdev2409/lab-admin-go/internal/handlers/error_handler.go:103.34,104.41 1 2
github.com/datdev2409/lab-admin-go/internal/handlers/error_handler.go:104.41,106.5 1 1
github.com/datdev2409/lab-admin-go/internal/handlers/error_handler.go:106.10,108.5 1 1
github.com/datdev2409/lab-admin-go/internal/handlers/handler.go:18.66,41.34 12 0
github.com/datdev2409/lab-admin-go/internal/handlers/handler.go:41.34,57.3 15 0
github.com/datdev2409/lab-admin-go/internal/handlers/handler.go:60.2,60.46 1 0
github.com/datdev2409/lab-admin-go/internal/handlers/handler.go:60.46,63.3 2 0
github.com/datdev2409/lab-admin-go/internal/handlers/handler.go:65.2,65.45 1 0
github.com/datdev2409/lab-admin-go/internal/handlers/handler.go:65.45,69.3 3 0
github.com/datdev2409/lab-admin-go/internal/handlers/handler.go:72.2,72.40 1 0
github.com/datdev2409/lab-admin-go/internal/handlers/handler.go:72.40,74.43 2 0
github.com/datdev2409/lab-admin-go/internal/handlers/handler.go:74.43,82.4 7 0
github.com/datdev2409/lab-admin-go/internal/handlers/handler.go:84.3,84.42 1 0
github.com/datdev2409/lab-admin-go/internal/handlers/handler.go:84.42,90.4 5 0
github.com/datdev2409/lab-admin-go/internal/handlers/handler.go:92.3,92.40 1 0
github.com/datdev2409/lab-admin-go/internal/handlers/handler.go:92.40,98.4 5 0
github.com/datdev2409/lab-admin-go/internal/handlers/handler.go:100.3,100.41 1 0
github.com/datdev2409/lab-admin-go/internal/handlers/handler.go:100.41,107.4 6 0
github.com/datdev2409/lab-admin-go/internal/handlers/handler.go:109.3,109.44 1 0
github.com/datdev2409/lab-admin-go/internal/handlers/handler.go:109.44,114.4 4 0
github.com/datdev2409/lab-admin-go/internal/handlers/handler.go:116.3,116.42 1 0
github.com/datdev2409/lab-admin-go/internal/handlers/handler.go:116.42,124.4 7 0
github.com/datdev2409/lab-admin-go/internal/handlers/handler.go:127.2,127.45 1 0
github.com/datdev2409/lab-admin-go/internal/handlers/handler.go:127.45,129.3 1 0
github.com/datdev2409/lab-admin-go/internal/handlers/handler.go:131.2,131.46 1 0
github.com/datdev2409/lab-admin-go/internal/handlers/handler.go:131.46,136.3 4 0
github.com/datdev2409/lab-admin-go/internal/handlers/handler.go:138.2,138.10 1 0
github.com/datdev2409/lab-admin-go/internal/handlers/handler.go:142.83,147.2 4 0
github.com/datdev2409/lab-admin-go/internal/handlers/helper.go:14.85,17.2 2 0
github.com/datdev2409/lab-admin-go/internal/handlers/helper.go:19.103,22.29 3 0
github.com/datdev2409/lab-admin-go/internal/handlers/helper.go:22.29,24.3 1 0
github.com/datdev2409/lab-admin-go/internal/handlers/helper.go:25.2,26.12 2 0
github.com/datdev2409/lab-admin-go/internal/handlers/helper.go:29.55,32.2 2 1
github.com/datdev2409/lab-admin-go/internal/handlers/helper.go:34.58,41.2 1 1
github.com/datdev2409/lab-admin-go/internal/handlers/helper.go:43.77,45.50 2 2
github.com/datdev2409/lab-admin-go/internal/handlers/helper.go:45.50,53.3 2 1
github.com/datdev2409/lab-admin-go/internal/handlers/helper.go:54.2,54.14 1 2
github.com/datdev2409/lab-admin-go/internal/handlers/helper.go:57.63,59.21 2 4
github.com/datdev2409/lab-admin-go/internal/handlers/helper.go:59.21,61.3 1 2
github.com/datdev2409/lab-admin-go/internal/handlers/helper.go:62.2,62.27 1 2
github.com/datdev2409/lab-admin-go/internal/handlers/helper.go:65.61,66.38 1 7
github.com/datdev2409/lab-admin-go/internal/handlers/helper.go:66.38,68.3 1 4
github.com/datdev2409/lab-admin-go/internal/handlers/helper.go:69.2,69.21 1 3
github.com/datdev2409/lab-admin-go/internal/handlers/helper.go:72.64,76.2 3 3
github.com/datdev2409/lab-admin-go/internal/handlers/helper.go:81.107,84.16 2 0
github.com/datdev2409/lab-admin-go/internal/handlers/helper.go:84.16,86.3 1 0
github.com/datdev2409/lab-admin-go/internal/handlers/helper.go:89.2,90.16 2 0
github.com/datdev2409/lab-admin-go/internal/handlers/helper.go:90.16,92.3 1 0
github.com/datdev2409/lab-admin-go/internal/handlers/helper.go:95.2,108.22 3 0
github.com/datdev2409/lab-admin-go/internal/handlers/helper.go:112.75,114.2 1 0
github.com/datdev2409/lab-admin-go/internal/handlers/helper.go:117.73,119.2 1 0
github.com/datdev2409/lab-admin-go/internal/handlers/midlewares.go:14.76,15.46 1 0
github.com/datdev2409/lab-admin-go/internal/handlers/midlewares.go:15.46,16.72 1 0
github.com/datdev2409/lab-admin-go/internal/handlers/midlewares.go:16.72,20.4 3 0
github.com/datdev2409/lab-admin-go/internal/handlers/midlewares.go:24.57,25.71 1 0
github.com/datdev2409/lab-admin-go/internal/handlers/midlewares.go:25.71,27.17 2 0
github.com/datdev2409/lab-admin-go/internal/handlers/midlewares.go:27.17,30.4 2 0
github.com/datdev2409/lab-admin-go/internal/handlers/midlewares.go:31.3,33.17 3 0
github.com/datdev2409/lab-admin-go/internal/handlers/midlewares.go:33.17,36.4 2 0
github.com/datdev2409/lab-admin-go/internal/handlers/midlewares.go:38.3,39.40 2 0
github.com/datdev2409/lab-admin-go/internal/handlers/midlewares.go:43.57,44.71 1 0
github.com/datdev2409/lab-admin-go/internal/handlers/midlewares.go:44.71,46.17 2 0
github.com/datdev2409/lab-admin-go/internal/handlers/midlewares.go:46.17,49.4 2 0
github.com/datdev2409/lab-admin-go/internal/handlers/midlewares.go:51.3,53.17 3 0
github.com/datdev2409/lab-admin-go/internal/handlers/midlewares.go:53.17,56.4 2 0
github.com/datdev2409/lab-admin-go/internal/handlers/midlewares.go:58.3,59.40 2 0
github.com/datdev2409/lab-admin-go/internal/handlers/midlewares.go:63.49,64.71 1 0
github.com/datdev2409/lab-admin-go/internal/handlers/midlewares.go:64.71,73.24 8 0
github.com/datdev2409/lab-admin-go/internal/handlers/midlewares.go:73.24,75.4 1 0
github.com/datdev2409/lab-admin-go/internal/handlers/midlewares.go:75.9,75.31 1 0
github.com/datdev2409/lab-admin-go/internal/handlers/midlewares.go:75.31,77.4 1 0
github.com/datdev2409/lab-admin-go/internal/handlers/midlewares.go:78.3,78.171 1 0
github.com/datdev2409/lab-admin-go/internal/handlers/patient_handler.go:21.83,23.2 1 0
github.com/datdev2409/lab-admin-go/internal/handlers/patient_handler.go:25.76,28.16 3 0
github.com/datdev2409/lab-admin-go/internal/handlers/patient_handler.go:28.16,30.3 1 0
github.com/datdev2409/lab-admin-go/internal/handlers/patient_handler.go:32.2,33.16 2 0
github.com/datdev2409/lab-admin-go/internal/handlers/patient_handler.go:33.16,35.3 1 0
github.com/datdev2409/lab-admin-go/internal/handlers/patient_handler.go:37.2,40.12 4 0
github.com/datdev2409/lab-admin-go/internal/handlers/patient_handler.go:43.79,46.16 3 0
github.com/datdev2409/lab-admin-go/internal/handlers/patient_handler.go:46.16,48.3 1 0
github.com/datdev2409/lab-admin-go/internal/handlers/patient_handler.go:50.2,51.12 2 0
github.com/datdev2409/lab-admin-go/internal/handlers/patient_handler.go:55.80,57.16 2 0
github.com/datdev2409/lab-admin-go/internal/handlers/patient_handler.go:57.16,59.3 1 0
github.com/datdev2409/lab-admin-go/internal/handlers/patient_handler.go:60.2,61.16 2 0
github.com/datdev2409/lab-admin-go/internal/handlers/patient_handler.go:61.16,63.3 1 0
github.com/datdev2409/lab-admin-go/internal/handlers/patient_handler.go:65.2,67.16 3 0
github.com/datdev2409/lab-admin-go/internal/handlers/patient_handler.go:67.16,69.3 1 0
github.com/datdev2409/lab-admin-go/internal/handlers/patient_handler.go:71.2,72.12 2 0
github.com/datdev2409/lab-admin-go/internal/handlers/patient_handler.go:76.81,84.61 2 0
github.com/datdev2409/lab-admin-go/internal/handlers/patient_handler.go:84.61,86.3 1 0
github.com/datdev2409/lab-admin-go/internal/handlers/patient_handler.go:88.2,89.16 2 0
github.com/datdev2409/lab-admin-go/internal/handlers/patient_handler.go:89.16,91.3 1 0
github.com/datdev2409/lab-admin-go/internal/handlers/patient_handler.go:92.2,92.21 1 0
github.com/datdev2409/lab-admin-go/internal/handlers/patient_handler.go:92.21,94.3 1 0
github.com/datdev2409/lab-admin-go/internal/handlers/patient_handler.go:96.2,98.16 3 0
github.com/datdev2409/lab-admin-go/internal/handlers/patient_handler.go:98.16,100.3 1 0
github.com/datdev2409/lab-admin-go/internal/handlers/patient_handler.go:101.2,102.12 2 0
github.com/datdev2409/lab-admin-go/internal/handlers/patient_handler.go:106.78,109.16 3 0
github.com/datdev2409/lab-admin-go/internal/handlers/patient_handler.go:109.16,111.3 1 0
github.com/datdev2409/lab-admin-go/internal/handlers/patient_handler.go:112.2,113.12 2 0
github.com/datdev2409/lab-admin-go/internal/handlers/patient_handler.go:117.81,127.61 4 0
github.com/datdev2409/lab-admin-go/internal/handlers/patient_handler.go:127.61,129.3 1 0
github.com/datdev2409/lab-admin-go/internal/handlers/patient_handler.go:130.2,137.75 2 0
github.com/datdev2409/lab-admin-go/internal/handlers/patient_handler.go:137.75,139.3 1 0
github.com/datdev2409/lab-admin-go/internal/handlers/patient_handler.go:140.2,141.16 2 0
github.com/datdev2409/lab-admin-go/internal/handlers/patient_handler.go:141.16,143.3 1 0
github.com/datdev2409/lab-admin-go/internal/handlers/patient_handler.go:145.2,146.16 2 0
github.com/datdev2409/lab-admin-go/internal/handlers/patient_handler.go:146.16,150.34 2 0
github.com/datdev2409/lab-admin-go/internal/handlers/patient_handler.go:150.34,151.86 1 0
github.com/datdev2409/lab-admin-go/internal/handlers/patient_handler.go:151.86,157.5 1 0
github.com/datdev2409/lab-admin-go/internal/handlers/patient_handler.go:161.2,162.12 2 0
github.com/datdev2409/lab-admin-go/internal/handlers/patient_handler.go:166.81,168.67 2 0
github.com/datdev2409/lab-admin-go/internal/handlers/patient_handler.go:168.67,170.3 1 0
github.com/datdev2409/lab-admin-go/internal/handlers/patient_handler.go:171.2,172.12 2 0
github.com/datdev2409/lab-admin-go/internal/handlers/patient_handler.go:176.85,181.16 3 0
github.com/datdev2409/lab-admin-go/internal/handlers/patient_handler.go:181.16,183.3 1 0
github.com/datdev2409/lab-admin-go/internal/handlers/patient_handler.go:186.2,187.16 2 0
github.com/datdev2409/lab-admin-go/internal/handlers/patient_handler.go:187.16,189.3 1 0
github.com/datdev2409/lab-admin-go/internal/handlers/patient_handler.go:190.2,191.16 2 0
github.com/datdev2409/lab-admin-go/internal/handlers/patient_handler.go:191.16,193.3 1 0
github.com/datdev2409/lab-admin-go/internal/handlers/patient_handler.go:195.2,199.18 4 0
github.com/datdev2409/lab-admin-go/internal/handlers/patient_handler.go:199.18,201.3 1 0
github.com/datdev2409/lab-admin-go/internal/handlers/patient_handler.go:202.2,203.21 2 0
github.com/datdev2409/lab-admin-go/internal/handlers/patient_handler.go:203.21,205.3 1 0
github.com/datdev2409/lab-admin-go/internal/handlers/patient_handler.go:208.2,222.16 4 0
github.com/datdev2409/lab-admin-go/internal/handlers/patient_handler.go:222.16,224.3 1 0
github.com/datdev2409/lab-admin-go/internal/handlers/patient_handler.go:226.2,227.12 2 0
github.com/datdev2409/lab-admin-go/internal/handlers/patient_handler.go:233.89,238.16 3 0
github.com/datdev2409/lab-admin-go/internal/handlers/patient_handler.go:238.16,240.3 1 0
github.com/datdev2409/lab-admin-go/internal/handlers/patient_handler.go:243.2,247.61 2 0
github.com/datdev2409/lab-admin-go/internal/handlers/patient_handler.go:247.61,249.3 1 0
github.com/datdev2409/lab-admin-go/internal/handlers/patient_handler.go:251.2,251.29 1 0
github.com/datdev2409/lab-admin-go/internal/handlers/patient_handler.go:251.29,253.3 1 0
github.com/datdev2409/lab-admin-go/internal/handlers/patient_handler.go:256.2,257.41 2 0
github.com/datdev2409/lab-admin-go/internal/handlers/patient_handler.go:257.41,259.17 2 0
github.com/datdev2409/lab-admin-go/internal/handlers/patient_handler.go:259.17,261.4 1 0
github.com/datdev2409/lab-admin-go/internal/handlers/patient_handler.go:262.3,262.38 1 0
github.com/datdev2409/lab-admin-go/internal/handlers/patient_handler.go:262.38,264.4 1 0
github.com/datdev2409/lab-admin-go/internal/handlers/patient_handler.go:265.3,265.36 1 0
github.com/datdev2409/lab-admin-go/internal/handlers/patient_handler.go:269.2,270.16 2 0
github.com/datdev2409/lab-admin-go/internal/handlers/patient_handler.go:270.16,272.3 1 0
github.com/datdev2409/lab-admin-go/internal/handlers/patient_handler.go:275.2,276.16 2 0
github.com/datdev2409/lab-admin-go/internal/handlers/patient_handler.go:276.16,278.3 1 0
github.com/datdev2409/lab-admin-go/internal/handlers/patient_handler.go:280.2,286.16 3 0
github.com/datdev2409/lab-admin-go/internal/handlers/patient_handler.go:286.16,288.3 1 0
github.com/datdev2409/lab-admin-go/internal/handlers/patient_handler.go:290.2,299.16 4 0
github.com/datdev2409/lab-admin-go/internal/handlers/patient_handler.go:299.16,301.3 1 0
github.com/datdev2409/lab-admin-go/internal/handlers/patient_handler.go:303.2,306.12 2 0
github.com/datdev2409/lab-admin-go/internal/handlers/patient_handler.go:312.133,313.22 1 0
github.com/datdev2409/lab-admin-go/internal/handlers/patient_handler.go:313.22,315.3 1 0
github.com/datdev2409/lab-admin-go/internal/handlers/patient_handler.go:316.2,316.49 1 0
github.com/datdev2409/lab-admin-go/internal/handlers/patient_handler.go:320.112,322.16 2 0
github.com/datdev2409/lab-admin-go/internal/handlers/patient_handler.go:322.16,324.3 1 0
github.com/datdev2409/lab-admin-go/internal/handlers/patient_handler.go:327.2,330.40 3 0
github.com/datdev2409/lab-admin-go/internal/handlers/patient_handler.go:330.40,332.3 1 0
github.com/datdev2409/lab-admin-go/internal/handlers/patient_handler.go:335.2,336.29 2 0
github.com/datdev2409/lab-admin-go/internal/handlers/patient_handler.go:336.29,343.3 1 0
github.com/datdev2409/lab-admin-go/internal/handlers/patient_handler.go:345.2,345.22 1 0
github.com/datdev2409/lab-admin-go/internal/handlers/patient_handler.go:349.88,353.33 3 0
github.com/datdev2409/lab-admin-go/internal/handlers/patient_handler.go:353.33,354.43 1 0
github.com/datdev2409/lab-admin-go/internal/handlers/patient_handler.go:354.43,355.24 1 0
github.com/datdev2409/lab-admin-go/internal/handlers/patient_handler.go:355.24,363.5 2 0
github.com/datdev2409/lab-admin-go/internal/handlers/patient_handler.go:367.2,367.17 1 0
github.com/datdev2409/lab-admin-go/internal/handlers/record_handler.go:24.94,25.20 1 0
github.com/datdev2409/lab-admin-go/internal/handlers/record_handler.go:25.20,27.3 1 0
github.com/datdev2409/lab-admin-go/internal/handlers/record_handler.go:29.2,30.16 2 0
github.com/datdev2409/lab-admin-go/internal/handlers/record_handler.go:30.16,33.3 2 0
github.com/datdev2409/lab-admin-go/internal/handlers/record_handler.go:36.2,36.25 1 0
github.com/datdev2409/lab-admin-go/internal/handlers/record_handler.go:40.112,47.73 4 0
github.com/datdev2409/lab-admin-go/internal/handlers/record_handler.go:47.73,49.17 2 0
github.com/datdev2409/lab-admin-go/internal/handlers/record_handler.go:49.17,51.4 1 0
github.com/datdev2409/lab-admin-go/internal/handlers/record_handler.go:51.9,53.4 1 0
github.com/datdev2409/lab-admin-go/internal/handlers/record_handler.go:57.2,57.67 1 0
github.com/datdev2409/lab-admin-go/internal/handlers/record_handler.go:57.67,59.17 2 0
github.com/datdev2409/lab-admin-go/internal/handlers/record_handler.go:59.17,61.4 1 0
github.com/datdev2409/lab-admin-go/internal/handlers/record_handler.go:61.9,63.4 1 0
github.com/datdev2409/lab-admin-go/internal/handlers/record_handler.go:67.2,75.23 2 0
github.com/datdev2409/lab-admin-go/internal/handlers/record_handler.go:75.23,78.3 2 0
github.com/datdev2409/lab-admin-go/internal/handlers/record_handler.go:80.2,80.27 1 0
github.com/datdev2409/lab-admin-go/internal/handlers/record_handler.go:84.161,88.16 3 0
github.com/datdev2409/lab-admin-go/internal/handlers/record_handler.go:88.16,91.3 2 0
github.com/datdev2409/lab-admin-go/internal/handlers/record_handler.go:93.2,97.24 2 0
github.com/datdev2409/lab-admin-go/internal/handlers/record_handler.go:101.78,104.56 2 0
github.com/datdev2409/lab-admin-go/internal/handlers/record_handler.go:104.56,108.3 3 0
github.com/datdev2409/lab-admin-go/internal/handlers/record_handler.go:108.8,108.37 1 0
github.com/datdev2409/lab-admin-go/internal/handlers/record_handler.go:108.37,111.3 2 0
github.com/datdev2409/lab-admin-go/internal/handlers/record_handler.go:111.8,111.35 1 0
github.com/datdev2409/lab-admin-go/internal/handlers/record_handler.go:111.35,114.3 2 0
github.com/datdev2409/lab-admin-go/internal/handlers/record_handler.go:116.2,116.31 1 0
github.com/datdev2409/lab-admin-go/internal/handlers/record_handler.go:119.82,121.2 1 0
github.com/datdev2409/lab-admin-go/internal/handlers/record_handler.go:123.87,125.2 1 0
github.com/datdev2409/lab-admin-go/internal/handlers/record_handler.go:127.88,130.2 2 0
github.com/datdev2409/lab-admin-go/internal/handlers/record_handler.go:132.78,138.61 2 0
github.com/datdev2409/lab-admin-go/internal/handlers/record_handler.go:138.61,140.3 1 0
github.com/datdev2409/lab-admin-go/internal/handlers/record_handler.go:142.2,143.16 2 0
github.com/datdev2409/lab-admin-go/internal/handlers/record_handler.go:143.16,145.3 1 0
github.com/datdev2409/lab-admin-go/internal/handlers/record_handler.go:147.2,148.16 2 0
github.com/datdev2409/lab-admin-go/internal/handlers/record_handler.go:148.16,150.3 1 0
github.com/datdev2409/lab-admin-go/internal/handlers/record_handler.go:152.2,153.16 2 0
github.com/datdev2409/lab-admin-go/internal/handlers/record_handler.go:153.16,155.3 1 0
github.com/datdev2409/lab-admin-go/internal/handlers/record_handler.go:157.2,163.16 4 0
github.com/datdev2409/lab-admin-go/internal/handlers/record_handler.go:163.16,165.3 1 0
github.com/datdev2409/lab-admin-go/internal/handlers/record_handler.go:167.2,167.73 1 0
github.com/datdev2409/lab-admin-go/internal/handlers/record_handler.go:167.73,169.17 2 0
github.com/datdev2409/lab-admin-go/internal/handlers/record_handler.go:169.17,171.4 1 0
github.com/datdev2409/lab-admin-go/internal/handlers/record_handler.go:173.3,175.5 1 0
github.com/datdev2409/lab-admin-go/internal/handlers/record_handler.go:178.2,180.4 1 0
github.com/datdev2409/lab-admin-go/internal/handlers/record_handler.go:184.79,190.16 5 0
github.com/datdev2409/lab-admin-go/internal/handlers/record_handler.go:190.16,192.3 1 0
github.com/datdev2409/lab-admin-go/internal/handlers/record_handler.go:193.2,194.16 2 0
github.com/datdev2409/lab-admin-go/internal/handlers/record_handler.go:194.16,196.3 1 0
github.com/datdev2409/lab-admin-go/internal/handlers/record_handler.go:198.2,199.18 2 0
github.com/datdev2409/lab-admin-go/internal/handlers/record_handler.go:199.18,201.3 1 0
github.com/datdev2409/lab-admin-go/internal/handlers/record_handler.go:202.2,203.21 2 0
github.com/datdev2409/lab-admin-go/internal/handlers/record_handler.go:203.21,205.3 1 0
github.com/datdev2409/lab-admin-go/internal/handlers/record_handler.go:207.2,221.16 4 0
github.com/datdev2409/lab-admin-go/internal/handlers/record_handler.go:221.16,223.3 1 0
github.com/datdev2409/lab-admin-go/internal/handlers/record_handler.go:225.2,226.12 2 0
github.com/datdev2409/lab-admin-go/internal/handlers/record_handler.go:230.80,232.65 2 0
github.com/datdev2409/lab-admin-go/internal/handlers/record_handler.go:232.65,234.3 1 0
github.com/datdev2409/lab-admin-go/internal/handlers/record_handler.go:235.2,235.62 1 0
github.com/datdev2409/lab-admin-go/internal/handlers/record_handler.go:235.62,237.3 1 0
github.com/datdev2409/lab-admin-go/internal/handlers/record_handler.go:239.2,240.16 2 0
github.com/datdev2409/lab-admin-go/internal/handlers/record_handler.go:240.16,242.3 1 0
github.com/datdev2409/lab-admin-go/internal/handlers/record_handler.go:245.2,246.16 2 0
github.com/datdev2409/lab-admin-go/internal/handlers/record_handler.go:246.16,248.3 1 0
github.com/datdev2409/lab-admin-go/internal/handlers/record_handler.go:249.2,252.41 3 0
github.com/datdev2409/lab-admin-go/internal/handlers/record_handler.go:252.41,254.3 1 0
github.com/datdev2409/lab-admin-go/internal/handlers/record_handler.go:256.2,257.56 2 0
github.com/datdev2409/lab-admin-go/internal/handlers/record_handler.go:257.56,259.3 1 0
github.com/datdev2409/lab-admin-go/internal/handlers/record_handler.go:259.8,261.3 1 0
github.com/datdev2409/lab-admin-go/internal/handlers/record_handler.go:263.2,264.16 2 0
github.com/datdev2409/lab-admin-go/internal/handlers/record_handler.go:264.16,266.3 1 0
github.com/datdev2409/lab-admin-go/internal/handlers/record_handler.go:267.2,268.12 2 0
github.com/datdev2409/lab-admin-go/internal/handlers/record_handler.go:272.77,275.16 3 0
github.com/datdev2409/lab-admin-go/internal/handlers/record_handler.go:275.16,277.3 1 0
github.com/datdev2409/lab-admin-go/internal/handlers/record_handler.go:278.2,279.12 2 0
github.com/datdev2409/lab-admin-go/internal/handlers/record_handler.go:283.80,286.65 3 0
github.com/datdev2409/lab-admin-go/internal/handlers/record_handler.go:286.65,288.3 1 0
github.com/datdev2409/lab-admin-go/internal/handlers/record_handler.go:289.2,289.29 1 0
github.com/datdev2409/lab-admin-go/internal/handlers/record_handler.go:289.29,291.17 2 0
github.com/datdev2409/lab-admin-go/internal/handlers/record_handler.go:291.17,293.4 1 0
github.com/datdev2409/lab-admin-go/internal/handlers/record_handler.go:294.3,294.28 1 0
github.com/datdev2409/lab-admin-go/internal/handlers/record_handler.go:298.2,299.16 2 0
github.com/datdev2409/lab-admin-go/internal/handlers/record_handler.go:299.16,301.3 1 0
github.com/datdev2409/lab-admin-go/internal/handlers/record_handler.go:302.2,304.77 2 0
github.com/datdev2409/lab-admin-go/internal/handlers/record_handler.go:304.77,306.3 1 0
github.com/datdev2409/lab-admin-go/internal/handlers/record_handler.go:307.2,308.16 2 0
github.com/datdev2409/lab-admin-go/internal/handlers/record_handler.go:308.16,310.3 1 0
github.com/datdev2409/lab-admin-go/internal/handlers/record_handler.go:311.2,312.12 2 0
github.com/datdev2409/lab-admin-go/internal/handlers/record_handler.go:316.80,318.68 2 0
github.com/datdev2409/lab-admin-go/internal/handlers/record_handler.go:318.68,320.3 1 0
github.com/datdev2409/lab-admin-go/internal/handlers/record_handler.go:321.2,322.12 2 0
github.com/datdev2409/lab-admin-go/internal/handlers/record_handler.go:326.87,332.16 4 0
github.com/datdev2409/lab-admin-go/internal/handlers/record_handler.go:332.16,337.3 2 0
github.com/datdev2409/lab-admin-go/internal/handlers/record_handler.go:340.2,341.16 2 0
github.com/datdev2409/lab-admin-go/internal/handlers/record_handler.go:341.16,345.3 1 0
github.com/datdev2409/lab-admin-go/internal/handlers/record_handler.go:347.2,347.48 1 0
github.com/datdev2409/lab-admin-go/internal/handlers/record_handler.go:351.86,357.16 4 0
github.com/datdev2409/lab-admin-go/internal/handlers/record_handler.go:357.16,362.3 2 0
github.com/datdev2409/lab-admin-go/internal/handlers/record_handler.go:365.2,366.16 2 0
github.com/datdev2409/lab-admin-go/internal/handlers/record_handler.go:366.16,370.3 1 0
github.com/datdev2409/lab-admin-go/internal/handlers/record_handler.go:373.2,374.16 2 0
github.com/datdev2409/lab-admin-go/internal/handlers/record_handler.go:374.16,379.3 2 0
github.com/datdev2409/lab-admin-go/internal/handlers/record_handler.go:381.2,382.16 2 0
github.com/datdev2409/lab-admin-go/internal/handlers/record_handler.go:382.16,387.3 2 0
github.com/datdev2409/lab-admin-go/internal/handlers/record_handler.go:390.2,398.16 5 0
github.com/datdev2409/lab-admin-go/internal/handlers/record_handler.go:398.16,401.3 2 0
github.com/datdev2409/lab-admin-go/internal/handlers/record_handler.go:403.2,403.12 1 0
github.com/datdev2409/lab-admin-go/internal/handlers/report_handler.go:10.82,12.2 1 0
github.com/datdev2409/lab-admin-go/internal/handlers/test_handler.go:16.80,18.2 1 0
github.com/datdev2409/lab-admin-go/internal/handlers/test_handler.go:20.82,22.16 2 0
github.com/datdev2409/lab-admin-go/internal/handlers/test_handler.go:22.16,25.3 2 0
github.com/datdev2409/lab-admin-go/internal/handlers/test_handler.go:26.2,27.16 2 0
github.com/datdev2409/lab-admin-go/internal/handlers/test_handler.go:27.16,30.3 2 0
github.com/datdev2409/lab-admin-go/internal/handlers/test_handler.go:31.2,32.16 2 0
github.com/datdev2409/lab-admin-go/internal/handlers/test_handler.go:32.16,35.3 2 0
github.com/datdev2409/lab-admin-go/internal/handlers/test_handler.go:37.2,47.16 3 0
github.com/datdev2409/lab-admin-go/internal/handlers/test_handler.go:47.16,50.3 2 0
github.com/datdev2409/lab-admin-go/internal/handlers/test_handler.go:52.2,54.12 3 0
github.com/datdev2409/lab-admin-go/internal/handlers/test_handler.go:57.76,60.16 3 0
github.com/datdev2409/lab-admin-go/internal/handlers/test_handler.go:60.16,62.3 1 0
github.com/datdev2409/lab-admin-go/internal/handlers/test_handler.go:63.2,64.12 2 0
github.com/datdev2409/lab-admin-go/internal/handlers/test_handler.go:68.77,71.16 3 0
github.com/datdev2409/lab-admin-go/internal/handlers/test_handler.go:71.16,73.3 1 0
github.com/datdev2409/lab-admin-go/internal/handlers/test_handler.go:74.2,75.16 2 0
github.com/datdev2409/lab-admin-go/internal/handlers/test_handler.go:75.16,77.3 1 0
github.com/datdev2409/lab-admin-go/internal/handlers/test_handler.go:78.2,81.16 4 0
github.com/datdev2409/lab-admin-go/internal/handlers/test_handler.go:81.16,83.3 1 0
github.com/datdev2409/lab-admin-go/internal/handlers/test_handler.go:84.2,85.12 2 0
github.com/datdev2409/lab-admin-go/internal/handlers/test_handler.go:89.78,92.61 3 0
github.com/datdev2409/lab-admin-go/internal/handlers/test_handler.go:92.61,95.3 2 0
github.com/datdev2409/lab-admin-go/internal/handlers/test_handler.go:97.2,117.20 2 0
github.com/datdev2409/lab-admin-go/internal/handlers/test_handler.go:117.20,119.3 1 0
github.com/datdev2409/lab-admin-go/internal/handlers/test_handler.go:121.2,130.16 3 0
github.com/datdev2409/lab-admin-go/internal/handlers/test_handler.go:130.16,132.3 1 0
github.com/datdev2409/lab-admin-go/internal/handlers/test_handler.go:133.2,134.12 2 0
github.com/datdev2409/lab-admin-go/internal/handlers/test_handler.go:138.75,141.16 3 0
github.com/datdev2409/lab-admin-go/internal/handlers/test_handler.go:141.16,143.3 1 0
github.com/datdev2409/lab-admin-go/internal/handlers/test_handler.go:144.2,145.12 2 0
github.com/datdev2409/lab-admin-go/internal/handlers/test_handler.go:149.78,159.61 3 0
github.com/datdev2409/lab-admin-go/internal/handlers/test_handler.go:159.61,161.3 1 0
github.com/datdev2409/lab-admin-go/internal/handlers/test_handler.go:162.2,163.21 2 0
github.com/datdev2409/lab-admin-go/internal/handlers/test_handler.go:163.21,165.3 1 0
github.com/datdev2409/lab-admin-go/internal/handlers/test_handler.go:166.2,166.22 1 0
github.com/datdev2409/lab-admin-go/internal/handlers/test_handler.go:166.22,168.3 1 0
github.com/datdev2409/lab-admin-go/internal/handlers/test_handler.go:169.2,169.28 1 0
github.com/datdev2409/lab-admin-go/internal/handlers/test_handler.go:169.28,171.3 1 0
github.com/datdev2409/lab-admin-go/internal/handlers/test_handler.go:172.2,172.21 1 0
github.com/datdev2409/lab-admin-go/internal/handlers/test_handler.go:172.21,174.3 1 0
github.com/datdev2409/lab-admin-go/internal/handlers/test_handler.go:175.2,175.27 1 0
github.com/datdev2409/lab-admin-go/internal/handlers/test_handler.go:175.27,177.3 1 0
github.com/datdev2409/lab-admin-go/internal/handlers/test_handler.go:178.2,178.27 1 0
github.com/datdev2409/lab-admin-go/internal/handlers/test_handler.go:178.27,180.3 1 0
github.com/datdev2409/lab-admin-go/internal/handlers/test_handler.go:181.2,181.22 1 0
github.com/datdev2409/lab-admin-go/internal/handlers/test_handler.go:181.22,184.3 2 0
github.com/datdev2409/lab-admin-go/internal/handlers/test_handler.go:185.2,185.72 1 0
github.com/datdev2409/lab-admin-go/internal/handlers/test_handler.go:185.72,187.3 1 0
github.com/datdev2409/lab-admin-go/internal/handlers/test_handler.go:188.2,189.16 2 0
github.com/datdev2409/lab-admin-go/internal/handlers/test_handler.go:189.16,191.3 1 0
github.com/datdev2409/lab-admin-go/internal/handlers/test_handler.go:192.2,193.12 2 0
github.com/datdev2409/lab-admin-go/internal/handlers/test_handler.go:197.78,199.64 2 0
github.com/datdev2409/lab-admin-go/internal/handlers/test_handler.go:199.64,201.3 1 0
github.com/datdev2409/lab-admin-go/internal/handlers/test_handler.go:202.2,203.12 2 0
github.com/datdev2409/lab-admin-go/internal/handlers/tracking_handler.go:23.84,25.2 1 0
github.com/datdev2409/lab-admin-go/internal/handlers/tracking_handler.go:27.88,29.2 1 0
github.com/datdev2409/lab-admin-go/internal/handlers/tracking_handler.go:31.94,33.2 1 0
github.com/datdev2409/lab-admin-go/internal/handlers/tracking_handler.go:35.79,39.16 4 0
github.com/datdev2409/lab-admin-go/internal/handlers/tracking_handler.go:39.16,41.3 1 0
github.com/datdev2409/lab-admin-go/internal/handlers/tracking_handler.go:42.2,43.16 2 0
github.com/datdev2409/lab-admin-go/internal/handlers/tracking_handler.go:43.16,45.3 1 0
github.com/datdev2409/lab-admin-go/internal/handlers/tracking_handler.go:46.2,47.16 2 0
github.com/datdev2409/lab-admin-go/internal/handlers/tracking_handler.go:47.16,49.3 1 0
github.com/datdev2409/lab-admin-go/internal/handlers/tracking_handler.go:51.2,54.16 3 0
github.com/datdev2409/lab-admin-go/internal/handlers/tracking_handler.go:55.10,59.5 1 0
github.com/datdev2409/lab-admin-go/internal/handlers/tracking_handler.go:64.86,68.16 3 0
github.com/datdev2409/lab-admin-go/internal/handlers/tracking_handler.go:68.16,70.3 1 0
github.com/datdev2409/lab-admin-go/internal/handlers/tracking_handler.go:71.2,74.16 3 0
github.com/datdev2409/lab-admin-go/internal/handlers/tracking_handler.go:74.16,76.3 1 0
github.com/datdev2409/lab-admin-go/internal/handlers/tracking_handler.go:79.2,82.33 3 0
github.com/datdev2409/lab-admin-go/internal/handlers/tracking_handler.go:82.33,83.43 1 0
github.com/datdev2409/lab-admin-go/internal/handlers/tracking_handler.go:83.43,84.54 1 0
github.com/datdev2409/lab-admin-go/internal/handlers/tracking_handler.go:84.54,92.5 2 0
github.com/datdev2409/lab-admin-go/internal/handlers/tracking_handler.go:96.2,96.66 1 0
github.com/datdev2409/lab-admin-go/internal/handlers/tracking_handler.go:99.86,104.25 3 0
github.com/datdev2409/lab-admin-go/internal/handlers/tracking_handler.go:104.25,106.3 1 0
github.com/datdev2409/lab-admin-go/internal/handlers/tracking_handler.go:109.2,110.31 2 0
github.com/datdev2409/lab-admin-go/internal/handlers/tracking_handler.go:110.31,112.17 2 0
github.com/datdev2409/lab-admin-go/internal/handlers/tracking_handler.go:112.17,114.4 1 0
github.com/datdev2409/lab-admin-go/internal/handlers/tracking_handler.go:115.3,115.36 1 0
github.com/datdev2409/lab-admin-go/internal/handlers/tracking_handler.go:119.2,121.16 3 0
github.com/datdev2409/lab-admin-go/internal/handlers/tracking_handler.go:121.16,123.3 1 0
github.com/datdev2409/lab-admin-go/internal/handlers/tracking_handler.go:126.2,127.16 2 0
github.com/datdev2409/lab-admin-go/internal/handlers/tracking_handler.go:127.16,129.3 1 0
github.com/datdev2409/lab-admin-go/internal/handlers/tracking_handler.go:131.2,137.16 3 0
github.com/datdev2409/lab-admin-go/internal/handlers/tracking_handler.go:137.16,139.3 1 0
github.com/datdev2409/lab-admin-go/internal/handlers/tracking_handler.go:141.2,150.16 4 0
github.com/datdev2409/lab-admin-go/internal/handlers/tracking_handler.go:150.16,152.3 1 0
github.com/datdev2409/lab-admin-go/internal/handlers/tracking_handler.go:154.2,155.12 2 0
github.com/datdev2409/lab-admin-go/internal/handlers/tracking_handler.go:158.80,161.65 2 0
github.com/datdev2409/lab-admin-go/internal/handlers/tracking_handler.go:161.65,163.3 1 0
github.com/datdev2409/lab-admin-go/internal/handlers/tracking_handler.go:165.2,168.16 3 0
github.com/datdev2409/lab-admin-go/internal/handlers/tracking_handler.go:168.16,170.3 1 0
github.com/datdev2409/lab-admin-go/internal/handlers/tracking_handler.go:172.2,172.12 1 0
github.com/datdev2409/lab-admin-go/internal/handlers/tracking_handler.go:176.81,178.16 2 0
github.com/datdev2409/lab-admin-go/internal/handlers/tracking_handler.go:178.16,180.3 1 0
github.com/datdev2409/lab-admin-go/internal/handlers/tracking_handler.go:181.2,182.16 2 0
github.com/datdev2409/lab-admin-go/internal/handlers/tracking_handler.go:182.16,184.3 1 0
github.com/datdev2409/lab-admin-go/internal/handlers/tracking_handler.go:185.2,187.16 3 0
github.com/datdev2409/lab-admin-go/internal/handlers/tracking_handler.go:187.16,189.3 1 0
github.com/datdev2409/lab-admin-go/internal/handlers/tracking_handler.go:190.2,191.12 2 0
github.com/datdev2409/lab-admin-go/internal/handlers/tracking_handler.go:195.82,200.61 2 0
github.com/datdev2409/lab-admin-go/internal/handlers/tracking_handler.go:200.61,202.3 1 0
github.com/datdev2409/lab-admin-go/internal/handlers/tracking_handler.go:203.2,203.20 1 0
github.com/datdev2409/lab-admin-go/internal/handlers/tracking_handler.go:203.20,205.3 1 0
github.com/datdev2409/lab-admin-go/internal/handlers/tracking_handler.go:206.2,208.16 3 0
github.com/datdev2409/lab-admin-go/internal/handlers/tracking_handler.go:208.16,210.3 1 0
github.com/datdev2409/lab-admin-go/internal/handlers/tracking_handler.go:212.2,213.16 2 0
github.com/datdev2409/lab-admin-go/internal/handlers/tracking_handler.go:213.16,215.3 1 0
github.com/datdev2409/lab-admin-go/internal/handlers/tracking_handler.go:216.2,217.12 2 0
github.com/datdev2409/lab-admin-go/internal/handlers/tracking_handler.go:221.79,224.16 3 0
github.com/datdev2409/lab-admin-go/internal/handlers/tracking_handler.go:224.16,226.3 1 0
github.com/datdev2409/lab-admin-go/internal/handlers/tracking_handler.go:227.2,228.12 2 0
github.com/datdev2409/lab-admin-go/internal/handlers/tracking_handler.go:232.82,234.68 2 0
github.com/datdev2409/lab-admin-go/internal/handlers/tracking_handler.go:234.68,236.3 1 0
github.com/datdev2409/lab-admin-go/internal/handlers/tracking_handler.go:237.2,238.12 2 0
github.com/datdev2409/lab-admin-go/internal/models/combo.go:24.53,34.2 3 3
github.com/datdev2409/lab-admin-go/internal/models/doctor.go:16.67,27.2 3 2
github.com/datdev2409/lab-admin-go/internal/models/doctor.go:51.32,53.2 1 1
github.com/datdev2409/lab-admin-go/internal/models/helper.go:8.55,10.16 2 4
github.com/datdev2409/lab-admin-go/internal/models/helper.go:10.16,12.3 1 2
github.com/datdev2409/lab-admin-go/internal/models/helper.go:13.2,14.53 2 2
github.com/datdev2409/lab-admin-go/internal/models/helper.go:14.53,16.3 1 0
github.com/datdev2409/lab-admin-go/internal/models/helper.go:17.2,17.20 1 2
github.com/datdev2409/lab-admin-go/internal/models/helper.go:20.45,22.2 1 36
github.com/datdev2409/lab-admin-go/internal/models/patient.go:19.96,32.2 3 9
github.com/datdev2409/lab-admin-go/internal/models/patient.go:46.37,47.13 1 3
github.com/datdev2409/lab-admin-go/internal/models/patient.go:47.13,49.3 1 1
github.com/datdev2409/lab-admin-go/internal/models/patient.go:50.2,50.11 1 2
github.com/datdev2409/lab-admin-go/internal/models/record.go:33.84,45.2 3 8
github.com/datdev2409/lab-admin-go/internal/models/record.go:48.123,53.2 4 6
github.com/datdev2409/lab-admin-go/internal/models/record.go:56.35,58.2 1 7
github.com/datdev2409/lab-admin-go/internal/models/record.go:61.57,64.2 2 1
github.com/datdev2409/lab-admin-go/internal/models/record.go:67.32,70.2 2 1
github.com/datdev2409/lab-admin-go/internal/models/test.go:39.102,52.2 2 2
github.com/datdev2409/lab-admin-go/internal/models/test.go:54.30,56.2 1 1
github.com/datdev2409/lab-admin-go/internal/models/tracking.go:34.76,36.36 2 3
github.com/datdev2409/lab-admin-go/internal/models/tracking.go:36.36,38.3 1 2
github.com/datdev2409/lab-admin-go/internal/models/tracking.go:40.2,44.3 1 3
github.com/datdev2409/lab-admin-go/internal/models/user.go:11.47,18.2 2 3
github.com/datdev2409/lab-admin-go/internal/storage/base.go:15.79,17.2 1 0
github.com/datdev2409/lab-admin-go/internal/storage/base.go:19.103,21.16 2 0
github.com/datdev2409/lab-admin-go/internal/storage/base.go:21.16,23.3 1 0
github.com/datdev2409/lab-admin-go/internal/storage/base.go:24.2,24.40 1 0
github.com/datdev2409/lab-admin-go/internal/storage/base.go:25.14,26.17 1 0
github.com/datdev2409/lab-admin-go/internal/storage/base.go:27.21,28.23 1 0
github.com/datdev2409/lab-admin-go/internal/storage/base.go:29.10,30.69 1 0
github.com/datdev2409/lab-admin-go/internal/storage/base.go:34.101,37.16 3 0
github.com/datdev2409/lab-admin-go/internal/storage/base.go:37.16,39.3 1 0
github.com/datdev2409/lab-admin-go/internal/storage/base.go:40.2,40.21 1 0
github.com/datdev2409/lab-admin-go/internal/storage/base.go:43.107,46.16 3 0
github.com/datdev2409/lab-admin-go/internal/storage/base.go:46.16,48.3 1 0
github.com/datdev2409/lab-admin-go/internal/storage/base.go:49.2,52.49 3 0
github.com/datdev2409/lab-admin-go/internal/storage/base.go:52.49,54.3 1 0
github.com/datdev2409/lab-admin-go/internal/storage/base.go:56.2,56.21 1 0
github.com/datdev2409/lab-admin-go/internal/storage/base.go:63.111,65.16 2 0
github.com/datdev2409/lab-admin-go/internal/storage/base.go:65.16,67.3 1 0
github.com/datdev2409/lab-admin-go/internal/storage/base.go:69.2,70.25 2 0
github.com/datdev2409/lab-admin-go/internal/storage/base.go:70.25,72.3 1 0
github.com/datdev2409/lab-admin-go/internal/storage/base.go:75.2,75.42 1 0
github.com/datdev2409/lab-admin-go/internal/storage/base.go:75.42,77.3 1 0
github.com/datdev2409/lab-admin-go/internal/storage/base.go:79.2,79.21 1 0
github.com/datdev2409/lab-admin-go/internal/storage/base.go:82.170,85.16 3 0
github.com/datdev2409/lab-admin-go/internal/storage/base.go:85.16,87.3 1 0
github.com/datdev2409/lab-admin-go/internal/storage/base.go:88.2,91.16 3 0
github.com/datdev2409/lab-admin-go/internal/storage/base.go:91.16,93.3 1 0
github.com/datdev2409/lab-admin-go/internal/storage/base.go:95.2,103.49 3 0
github.com/datdev2409/lab-admin-go/internal/storage/base.go:103.49,105.3 1 0
github.com/datdev2409/lab-admin-go/internal/storage/base.go:106.2,106.33 1 0
github.com/datdev2409/lab-admin-go/internal/storage/base.go:109.118,111.9 2 0
github.com/datdev2409/lab-admin-go/internal/storage/base.go:111.9,113.3 1 0
github.com/datdev2409/lab-admin-go/internal/storage/base.go:115.2,116.9 2 0
github.com/datdev2409/lab-admin-go/internal/storage/base.go:116.9,118.3 1 0
github.com/datdev2409/lab-admin-go/internal/storage/base.go:120.2,121.9 2 0
github.com/datdev2409/lab-admin-go/internal/storage/base.go:121.9,123.3 1 0
github.com/datdev2409/lab-admin-go/internal/storage/base.go:125.2,128.12 3 0
github.com/datdev2409/lab-admin-go/internal/storage/base.go:131.133,133.9 2 0
github.com/datdev2409/lab-admin-go/internal/storage/base.go:133.9,135.3 1 0
github.com/datdev2409/lab-admin-go/internal/storage/base.go:137.2,138.9 2 0
github.com/datdev2409/lab-admin-go/internal/storage/base.go:138.9,140.3 1 0
github.com/datdev2409/lab-admin-go/internal/storage/base.go:142.2,143.9 2 0
github.com/datdev2409/lab-admin-go/internal/storage/base.go:143.9,145.3 1 0
github.com/datdev2409/lab-admin-go/internal/storage/base.go:147.2,157.16 4 0
github.com/datdev2409/lab-admin-go/internal/storage/base.go:157.16,159.3 1 0
github.com/datdev2409/lab-admin-go/internal/storage/base.go:161.2,161.21 1 0
github.com/datdev2409/lab-admin-go/internal/storage/base.go:164.98,167.2 2 0
github.com/datdev2409/lab-admin-go/internal/storage/combo_storage.go:11.94,14.2 2 0
github.com/datdev2409/lab-admin-go/internal/storage/combo_storage.go:16.179,18.30 2 0
github.com/datdev2409/lab-admin-go/internal/storage/combo_storage.go:18.30,20.3 1 0
github.com/datdev2409/lab-admin-go/internal/storage/combo_storage.go:21.2,22.57 2 0
github.com/datdev2409/lab-admin-go/internal/storage/combo_storage.go:25.92,28.2 2 0
github.com/datdev2409/lab-admin-go/internal/storage/combo_storage.go:30.109,33.27 3 0
github.com/datdev2409/lab-admin-go/internal/storage/combo_storage.go:33.27,35.3 1 0
github.com/datdev2409/lab-admin-go/internal/storage/combo_storage.go:36.2,36.79 1 0
github.com/datdev2409/lab-admin-go/internal/storage/combo_storage.go:39.135,42.27 3 0
github.com/datdev2409/lab-admin-go/internal/storage/combo_storage.go:42.27,44.3 1 0
github.com/datdev2409/lab-admin-go/internal/storage/combo_storage.go:45.2,45.88 1 0
github.com/datdev2409/lab-admin-go/internal/storage/combo_storage.go:48.78,51.2 2 0
github.com/datdev2409/lab-admin-go/internal/storage/combo_storage.go:53.116,55.16 2 0
github.com/datdev2409/lab-admin-go/internal/storage/combo_storage.go:55.16,57.3 1 0
github.com/datdev2409/lab-admin-go/internal/storage/combo_storage.go:58.2,60.16 3 0
github.com/datdev2409/lab-admin-go/internal/storage/combo_storage.go:60.16,62.3 1 0
github.com/datdev2409/lab-admin-go/internal/storage/combo_storage.go:63.2,63.26 1 0
github.com/datdev2409/lab-admin-go/internal/storage/combo_storage.go:66.103,68.16 2 0
github.com/datdev2409/lab-admin-go/internal/storage/combo_storage.go:68.16,70.3 1 0
github.com/datdev2409/lab-admin-go/internal/storage/combo_storage.go:71.2,73.16 3 0
github.com/datdev2409/lab-admin-go/internal/storage/combo_storage.go:73.16,75.3 1 0
github.com/datdev2409/lab-admin-go/internal/storage/combo_storage.go:77.2,77.19 1 0
github.com/datdev2409/lab-admin-go/internal/storage/doctor_storage.go:11.114,16.16 5 0
github.com/datdev2409/lab-admin-go/internal/storage/doctor_storage.go:16.16,17.53 1 0
github.com/datdev2409/lab-admin-go/internal/storage/doctor_storage.go:17.53,19.4 1 0
github.com/datdev2409/lab-admin-go/internal/storage/doctor_storage.go:20.3,20.18 1 0
github.com/datdev2409/lab-admin-go/internal/storage/doctor_storage.go:22.2,22.21 1 0
github.com/datdev2409/lab-admin-go/internal/storage/doctor_storage.go:25.97,28.2 2 0
github.com/datdev2409/lab-admin-go/internal/storage/doctor_storage.go:30.94,33.2 2 0
github.com/datdev2409/lab-admin-go/internal/storage/doctor_storage.go:35.107,37.24 2 0
github.com/datdev2409/lab-admin-go/internal/storage/doctor_storage.go:37.24,39.3 1 0
github.com/datdev2409/lab-admin-go/internal/storage/doctor_storage.go:40.2,40.25 1 0
github.com/datdev2409/lab-admin-go/internal/storage/doctor_storage.go:40.25,42.3 1 0
github.com/datdev2409/lab-admin-go/internal/storage/doctor_storage.go:43.2,43.27 1 0
github.com/datdev2409/lab-admin-go/internal/storage/doctor_storage.go:43.27,45.3 1 0
github.com/datdev2409/lab-admin-go/internal/storage/doctor_storage.go:46.2,47.81 2 0
github.com/datdev2409/lab-admin-go/internal/storage/doctor_storage.go:50.79,53.2 2 0
github.com/datdev2409/lab-admin-go/internal/storage/doctor_storage.go:55.196,57.30 2 0
github.com/datdev2409/lab-admin-go/internal/storage/doctor_storage.go:57.30,66.3 2 0
github.com/datdev2409/lab-admin-go/internal/storage/doctor_storage.go:67.2,68.58 2 0
github.com/datdev2409/lab-admin-go/internal/storage/helper.go:8.33,10.16 2 1
github.com/datdev2409/lab-admin-go/internal/storage/helper.go:10.16,13.3 2 0
github.com/datdev2409/lab-admin-go/internal/storage/helper.go:15.2,15.27 1 1
github.com/datdev2409/lab-admin-go/internal/storage/patient_storage.go:11.116,16.16 5 0
github.com/datdev2409/lab-admin-go/internal/storage/patient_storage.go:16.16,17.53 1 0
github.com/datdev2409/lab-admin-go/internal/storage/patient_storage.go:17.53,19.4 1 0
github.com/datdev2409/lab-admin-go/internal/storage/patient_storage.go:20.3,20.18 1 0
github.com/datdev2409/lab-admin-go/internal/storage/patient_storage.go:22.2,22.21 1 0
github.com/datdev2409/lab-admin-go/internal/storage/patient_storage.go:25.100,28.2 2 0
github.com/datdev2409/lab-admin-go/internal/storage/patient_storage.go:30.96,33.2 2 0
github.com/datdev2409/lab-admin-go/internal/storage/patient_storage.go:35.109,37.24 2 0
github.com/datdev2409/lab-admin-go/internal/storage/patient_storage.go:37.24,39.3 1 0
github.com/datdev2409/lab-admin-go/internal/storage/patient_storage.go:40.2,40.25 1 0
github.com/datdev2409/lab-admin-go/internal/storage/patient_storage.go:40.25,42.3 1 0
github.com/datdev2409/lab-admin-go/internal/storage/patient_storage.go:43.2,43.27 1 0
github.com/datdev2409/lab-admin-go/internal/storage/patient_storage.go:43.27,45.3 1 0
github.com/datdev2409/lab-admin-go/internal/storage/patient_storage.go:46.2,46.23 1 0
github.com/datdev2409/lab-admin-go/internal/storage/patient_storage.go:46.23,48.3 1 0
github.com/datdev2409/lab-admin-go/internal/storage/patient_storage.go:49.2,49.26 1 0
github.com/datdev2409/lab-admin-go/internal/storage/patient_storage.go:49.26,51.3 1 0
github.com/datdev2409/lab-admin-go/internal/storage/patient_storage.go:52.2,53.82 2 0
github.com/datdev2409/lab-admin-go/internal/storage/patient_storage.go:56.80,59.2 2 0
github.com/datdev2409/lab-admin-go/internal/storage/patient_storage.go:61.199,63.30 2 0
github.com/datdev2409/lab-admin-go/internal/storage/patient_storage.go:63.30,73.3 2 0
github.com/datdev2409/lab-admin-go/internal/storage/patient_storage.go:74.2,75.59 2 0
github.com/datdev2409/lab-admin-go/internal/storage/record_storage.go:10.97,13.2 2 0
github.com/datdev2409/lab-admin-go/internal/storage/record_storage.go:15.179,17.27 2 0
github.com/datdev2409/lab-admin-go/internal/storage/record_storage.go:17.27,25.3 1 0
github.com/datdev2409/lab-admin-go/internal/storage/record_storage.go:26.2,26.29 1 0
github.com/datdev2409/lab-admin-go/internal/storage/record_storage.go:26.29,28.3 1 0
github.com/datdev2409/lab-admin-go/internal/storage/record_storage.go:29.2,29.26 1 0
github.com/datdev2409/lab-admin-go/internal/storage/record_storage.go:29.26,31.3 1 0
github.com/datdev2409/lab-admin-go/internal/storage/record_storage.go:32.2,32.28 1 0
github.com/datdev2409/lab-admin-go/internal/storage/record_storage.go:32.28,34.3 1 0
github.com/datdev2409/lab-admin-go/internal/storage/record_storage.go:36.2,36.30 1 0
github.com/datdev2409/lab-admin-go/internal/storage/record_storage.go:36.30,38.3 1 0
github.com/datdev2409/lab-admin-go/internal/storage/record_storage.go:39.2,39.28 1 0
github.com/datdev2409/lab-admin-go/internal/storage/record_storage.go:39.28,41.3 1 0
github.com/datdev2409/lab-admin-go/internal/storage/record_storage.go:42.2,43.63 2 0
github.com/datdev2409/lab-admin-go/internal/storage/record_storage.go:46.94,49.2 2 0
github.com/datdev2409/lab-admin-go/internal/storage/record_storage.go:51.101,54.2 2 0
github.com/datdev2409/lab-admin-go/internal/storage/record_storage.go:56.111,60.16 4 0
github.com/datdev2409/lab-admin-go/internal/storage/record_storage.go:60.16,62.3 1 0
github.com/datdev2409/lab-admin-go/internal/storage/record_storage.go:63.2,66.50 3 0
github.com/datdev2409/lab-admin-go/internal/storage/record_storage.go:66.50,68.3 1 0
github.com/datdev2409/lab-admin-go/internal/storage/record_storage.go:69.2,69.21 1 0
github.com/datdev2409/lab-admin-go/internal/storage/record_storage.go:72.123,74.35 2 0
github.com/datdev2409/lab-admin-go/internal/storage/record_storage.go:74.35,76.3 1 0
github.com/datdev2409/lab-admin-go/internal/storage/record_storage.go:77.2,77.34 1 0
github.com/datdev2409/lab-admin-go/internal/storage/record_storage.go:77.34,79.17 2 0
github.com/datdev2409/lab-admin-go/internal/storage/record_storage.go:79.17,81.4 1 0
github.com/datdev2409/lab-admin-go/internal/storage/record_storage.go:82.3,82.34 1 0
github.com/datdev2409/lab-admin-go/internal/storage/record_storage.go:85.2,85.68 1 0
github.com/datdev2409/lab-admin-go/internal/storage/record_storage.go:85.68,88.3 2 0
github.com/datdev2409/lab-admin-go/internal/storage/record_storage.go:88.8,88.75 1 0
github.com/datdev2409/lab-admin-go/internal/storage/record_storage.go:88.75,92.3 2 0
github.com/datdev2409/lab-admin-go/internal/storage/record_storage.go:93.2,94.55 2 0
github.com/datdev2409/lab-admin-go/internal/storage/record_storage.go:94.55,96.3 1 0
github.com/datdev2409/lab-admin-go/internal/storage/record_storage.go:97.2,100.83 4 0
github.com/datdev2409/lab-admin-go/internal/storage/record_storage.go:103.81,106.2 2 0
github.com/datdev2409/lab-admin-go/internal/storage/record_storage.go:109.167,118.16 3 0
github.com/datdev2409/lab-admin-go/internal/storage/record_storage.go:118.16,120.3 1 0
github.com/datdev2409/lab-admin-go/internal/storage/record_storage.go:123.2,126.33 3 0
github.com/datdev2409/lab-admin-go/internal/storage/record_storage.go:126.33,129.49 2 0
github.com/datdev2409/lab-admin-go/internal/storage/record_storage.go:129.49,131.4 1 0
github.com/datdev2409/lab-admin-go/internal/storage/record_storage.go:133.3,138.29 3 0
github.com/datdev2409/lab-admin-go/internal/storage/record_storage.go:142.2,153.8 2 0
github.com/datdev2409/lab-admin-go/internal/storage/search_utils.go:15.74,18.46 2 5
github.com/datdev2409/lab-admin-go/internal/storage/search_utils.go:18.46,20.29 2 4
github.com/datdev2409/lab-admin-go/internal/storage/search_utils.go:20.29,22.4 1 2
github.com/datdev2409/lab-admin-go/internal/storage/search_utils.go:23.3,23.39 1 4
github.com/datdev2409/lab-admin-go/internal/storage/search_utils.go:26.2,26.16 1 5
github.com/datdev2409/lab-admin-go/internal/storage/search_utils.go:29.102,32.40 2 12
github.com/datdev2409/lab-admin-go/internal/storage/search_utils.go:32.40,38.3 4 7
github.com/datdev2409/lab-admin-go/internal/storage/search_utils.go:41.2,41.23 1 12
github.com/datdev2409/lab-admin-go/internal/storage/search_utils.go:41.23,43.31 2 3
github.com/datdev2409/lab-admin-go/internal/storage/search_utils.go:43.31,45.4 1 1
github.com/datdev2409/lab-admin-go/internal/storage/search_utils.go:46.3,48.5 1 3
github.com/datdev2409/lab-admin-go/internal/storage/search_utils.go:51.2,51.20 1 12
github.com/datdev2409/lab-admin-go/internal/storage/storage.go:63.60,66.2 2 0
github.com/datdev2409/lab-admin-go/internal/storage/test_storage.go:11.91,14.2 2 0
github.com/datdev2409/lab-admin-go/internal/storage/test_storage.go:16.176,18.30 2 0
github.com/datdev2409/lab-admin-go/internal/storage/test_storage.go:18.30,20.3 1 0
github.com/datdev2409/lab-admin-go/internal/storage/test_storage.go:21.2,22.56 2 0
github.com/datdev2409/lab-admin-go/internal/storage/test_storage.go:25.90,28.2 2 0
github.com/datdev2409/lab-admin-go/internal/storage/test_storage.go:30.108,33.2 2 0
github.com/datdev2409/lab-admin-go/internal/storage/test_storage.go:35.77,38.2 2 0
github.com/datdev2409/lab-admin-go/internal/storage/tracking_storage.go:10.103,13.2 2 0
github.com/datdev2409/lab-admin-go/internal/storage/tracking_storage.go:15.188,17.30 2 0
github.com/datdev2409/lab-admin-go/internal/storage/tracking_storage.go:17.30,19.3 1 0
github.com/datdev2409/lab-admin-go/internal/storage/tracking_storage.go:20.2,21.60 2 0
github.com/datdev2409/lab-admin-go/internal/storage/tracking_storage.go:24.98,27.2 2 0
github.com/datdev2409/lab-admin-go/internal/storage/tracking_storage.go:29.81,32.2 2 0
github.com/datdev2409/lab-admin-go/internal/storage/user_storage.go:15.91,18.2 2 0
github.com/datdev2409/lab-admin-go/internal/storage/user_storage.go:20.102,25.33 5 0
github.com/datdev2409/lab-admin-go/internal/storage/user_storage.go:25.33,27.3 1 0
github.com/datdev2409/lab-admin-go/internal/storage/user_storage.go:28.2,28.16 1 0
github.com/datdev2409/lab-admin-go/internal/storage/user_storage.go:28.16,30.3 1 0
github.com/datdev2409/lab-admin-go/internal/storage/user_storage.go:31.2,31.19 1 0
