mode: atomic
github.com/datdev2409/lab-admin-go/internal/auth/jwt.go:10.49,20.2 4 7
github.com/datdev2409/lab-admin-go/internal/auth/jwt.go:22.54,24.83 2 9
github.com/datdev2409/lab-admin-go/internal/auth/jwt.go:24.83,25.58 1 6
github.com/datdev2409/lab-admin-go/internal/auth/jwt.go:25.58,27.4 1 0
github.com/datdev2409/lab-admin-go/internal/auth/jwt.go:28.3,28.24 1 6
github.com/datdev2409/lab-admin-go/internal/auth/jwt.go:31.2,31.16 1 9
github.com/datdev2409/lab-admin-go/internal/auth/jwt.go:31.16,33.3 1 4
github.com/datdev2409/lab-admin-go/internal/auth/jwt.go:35.2,35.67 1 5
github.com/datdev2409/lab-admin-go/internal/auth/jwt.go:35.67,36.50 1 5
github.com/datdev2409/lab-admin-go/internal/auth/jwt.go:36.50,38.4 1 5
github.com/datdev2409/lab-admin-go/internal/auth/jwt.go:41.2,41.38 1 0
github.com/datdev2409/lab-admin-go/internal/models/combo.go:24.53,34.2 3 3
github.com/datdev2409/lab-admin-go/internal/models/doctor.go:16.67,27.2 3 2
github.com/datdev2409/lab-admin-go/internal/models/doctor.go:51.32,53.2 1 1
github.com/datdev2409/lab-admin-go/internal/models/helper.go:8.55,10.16 2 4
github.com/datdev2409/lab-admin-go/internal/models/helper.go:10.16,12.3 1 2
github.com/datdev2409/lab-admin-go/internal/models/helper.go:13.2,14.53 2 2
github.com/datdev2409/lab-admin-go/internal/models/helper.go:14.53,16.3 1 0
github.com/datdev2409/lab-admin-go/internal/models/helper.go:17.2,17.20 1 2
github.com/datdev2409/lab-admin-go/internal/models/helper.go:20.45,22.2 1 36
github.com/datdev2409/lab-admin-go/internal/models/patient.go:19.96,32.2 3 9
github.com/datdev2409/lab-admin-go/internal/models/patient.go:46.37,47.13 1 3
github.com/datdev2409/lab-admin-go/internal/models/patient.go:47.13,49.3 1 1
github.com/datdev2409/lab-admin-go/internal/models/patient.go:50.2,50.11 1 2
github.com/datdev2409/lab-admin-go/internal/models/record.go:33.84,45.2 3 8
github.com/datdev2409/lab-admin-go/internal/models/record.go:48.123,53.2 4 6
github.com/datdev2409/lab-admin-go/internal/models/record.go:56.35,58.2 1 7
github.com/datdev2409/lab-admin-go/internal/models/record.go:61.57,64.2 2 1
github.com/datdev2409/lab-admin-go/internal/models/record.go:67.32,70.2 2 1
github.com/datdev2409/lab-admin-go/internal/models/test.go:39.102,52.2 2 2
github.com/datdev2409/lab-admin-go/internal/models/test.go:54.30,56.2 1 1
github.com/datdev2409/lab-admin-go/internal/models/tracking.go:34.76,36.36 2 3
github.com/datdev2409/lab-admin-go/internal/models/tracking.go:36.36,38.3 1 2
github.com/datdev2409/lab-admin-go/internal/models/tracking.go:40.2,44.3 1 3
github.com/datdev2409/lab-admin-go/internal/models/user.go:11.47,18.2 2 3
