mode: atomic
github.com/datdev2409/lab-admin-go/internal/auth/jwt.go:10.49,20.2 4 7
github.com/datdev2409/lab-admin-go/internal/auth/jwt.go:22.54,24.83 2 9
github.com/datdev2409/lab-admin-go/internal/auth/jwt.go:24.83,25.58 1 6
github.com/datdev2409/lab-admin-go/internal/auth/jwt.go:25.58,27.4 1 0
github.com/datdev2409/lab-admin-go/internal/auth/jwt.go:28.3,28.24 1 6
github.com/datdev2409/lab-admin-go/internal/auth/jwt.go:31.2,31.16 1 9
github.com/datdev2409/lab-admin-go/internal/auth/jwt.go:31.16,33.3 1 4
github.com/datdev2409/lab-admin-go/internal/auth/jwt.go:35.2,35.67 1 5
github.com/datdev2409/lab-admin-go/internal/auth/jwt.go:35.67,36.50 1 5
github.com/datdev2409/lab-admin-go/internal/auth/jwt.go:36.50,38.4 1 5
github.com/datdev2409/lab-admin-go/internal/auth/jwt.go:41.2,41.38 1 0
github.com/datdev2409/lab-admin-go/internal/db/database.go:14.48,17.16 2 0
github.com/datdev2409/lab-admin-go/internal/db/database.go:17.16,19.3 1 0
github.com/datdev2409/lab-admin-go/internal/db/database.go:22.2,25.114 4 0
github.com/datdev2409/lab-admin-go/internal/db/database.go:25.114,26.13 1 0
github.com/datdev2409/lab-admin-go/internal/db/database.go:28.2,30.15 2 0
github.com/datdev2409/lab-admin-go/internal/logger/logger.go:13.25,17.36 4 0
github.com/datdev2409/lab-admin-go/internal/logger/logger.go:17.36,20.3 2 0
github.com/datdev2409/lab-admin-go/internal/logger/logger.go:21.2,24.10 4 0
github.com/datdev2409/lab-admin-go/internal/logger/logger.go:27.47,28.58 1 0
github.com/datdev2409/lab-admin-go/internal/logger/logger.go:28.58,30.3 1 0
github.com/datdev2409/lab-admin-go/internal/logger/logger.go:31.2,31.16 1 0
github.com/datdev2409/lab-admin-go/internal/logger/logger.go:34.66,36.2 1 0
github.com/datdev2409/lab-admin-go/internal/handlers/auth_handler.go:18.84,20.2 1 0
github.com/datdev2409/lab-admin-go/internal/handlers/auth_handler.go:22.81,24.2 1 0
github.com/datdev2409/lab-admin-go/internal/handlers/auth_handler.go:27.81,33.61 2 0
github.com/datdev2409/lab-admin-go/internal/handlers/auth_handler.go:33.61,35.3 1 0
github.com/datdev2409/lab-admin-go/internal/handlers/auth_handler.go:36.2,36.70 1 0
github.com/datdev2409/lab-admin-go/internal/handlers/auth_handler.go:36.70,38.3 1 0
github.com/datdev2409/lab-admin-go/internal/handlers/auth_handler.go:39.2,40.34 2 0
github.com/datdev2409/lab-admin-go/internal/handlers/auth_handler.go:40.34,42.3 1 0
github.com/datdev2409/lab-admin-go/internal/handlers/auth_handler.go:45.2,47.39 3 0
github.com/datdev2409/lab-admin-go/internal/handlers/auth_handler.go:47.39,49.3 1 0
github.com/datdev2409/lab-admin-go/internal/handlers/auth_handler.go:51.2,51.51 1 0
github.com/datdev2409/lab-admin-go/internal/handlers/auth_handler.go:51.51,53.3 1 0
github.com/datdev2409/lab-admin-go/internal/handlers/auth_handler.go:55.2,57.16 3 0
github.com/datdev2409/lab-admin-go/internal/handlers/auth_handler.go:57.16,59.3 1 0
github.com/datdev2409/lab-admin-go/internal/handlers/auth_handler.go:61.2,62.12 2 0
github.com/datdev2409/lab-admin-go/internal/handlers/auth_handler.go:66.78,72.61 3 0
github.com/datdev2409/lab-admin-go/internal/handlers/auth_handler.go:72.61,75.3 2 0
github.com/datdev2409/lab-admin-go/internal/handlers/auth_handler.go:76.2,76.46 1 0
github.com/datdev2409/lab-admin-go/internal/handlers/auth_handler.go:76.46,78.3 1 0
github.com/datdev2409/lab-admin-go/internal/handlers/auth_handler.go:80.2,82.31 3 0
github.com/datdev2409/lab-admin-go/internal/handlers/auth_handler.go:82.31,84.3 1 0
github.com/datdev2409/lab-admin-go/internal/handlers/auth_handler.go:86.2,87.22 2 0
github.com/datdev2409/lab-admin-go/internal/handlers/auth_handler.go:87.22,89.3 1 0
github.com/datdev2409/lab-admin-go/internal/handlers/auth_handler.go:91.2,92.16 2 0
github.com/datdev2409/lab-admin-go/internal/handlers/auth_handler.go:92.16,94.3 1 0
github.com/datdev2409/lab-admin-go/internal/handlers/auth_handler.go:97.2,107.12 3 0
github.com/datdev2409/lab-admin-go/internal/handlers/auth_handler.go:111.79,126.2 3 0
github.com/datdev2409/lab-admin-go/internal/handlers/combo_handler.go:13.81,15.2 1 0
github.com/datdev2409/lab-admin-go/internal/handlers/combo_handler.go:17.87,19.2 1 0
github.com/datdev2409/lab-admin-go/internal/handlers/combo_handler.go:21.85,24.2 2 0
github.com/datdev2409/lab-admin-go/internal/handlers/combo_handler.go:27.78,29.16 2 0
github.com/datdev2409/lab-admin-go/internal/handlers/combo_handler.go:29.16,31.3 1 0
github.com/datdev2409/lab-admin-go/internal/handlers/combo_handler.go:32.2,33.16 2 0
github.com/datdev2409/lab-admin-go/internal/handlers/combo_handler.go:33.16,35.3 1 0
github.com/datdev2409/lab-admin-go/internal/handlers/combo_handler.go:36.2,38.16 3 0
github.com/datdev2409/lab-admin-go/internal/handlers/combo_handler.go:38.16,40.3 1 0
github.com/datdev2409/lab-admin-go/internal/handlers/combo_handler.go:41.2,42.12 2 0
github.com/datdev2409/lab-admin-go/internal/handlers/combo_handler.go:46.79,51.61 2 0
github.com/datdev2409/lab-admin-go/internal/handlers/combo_handler.go:51.61,53.3 1 0
github.com/datdev2409/lab-admin-go/internal/handlers/combo_handler.go:54.2,54.45 1 0
github.com/datdev2409/lab-admin-go/internal/handlers/combo_handler.go:54.45,56.3 1 0
github.com/datdev2409/lab-admin-go/internal/handlers/combo_handler.go:57.2,59.16 3 0
github.com/datdev2409/lab-admin-go/internal/handlers/combo_handler.go:59.16,61.3 1 0
github.com/datdev2409/lab-admin-go/internal/handlers/combo_handler.go:62.2,63.12 2 0
github.com/datdev2409/lab-admin-go/internal/handlers/combo_handler.go:67.76,70.16 3 0
github.com/datdev2409/lab-admin-go/internal/handlers/combo_handler.go:70.16,72.3 1 0
github.com/datdev2409/lab-admin-go/internal/handlers/combo_handler.go:73.2,74.12 2 0
github.com/datdev2409/lab-admin-go/internal/handlers/combo_handler.go:78.81,81.16 3 0
github.com/datdev2409/lab-admin-go/internal/handlers/combo_handler.go:81.16,83.3 1 0
github.com/datdev2409/lab-admin-go/internal/handlers/combo_handler.go:84.2,85.12 2 0
github.com/datdev2409/lab-admin-go/internal/handlers/combo_handler.go:89.79,95.61 3 0
github.com/datdev2409/lab-admin-go/internal/handlers/combo_handler.go:95.61,97.3 1 0
github.com/datdev2409/lab-admin-go/internal/handlers/combo_handler.go:98.2,99.21 2 0
github.com/datdev2409/lab-admin-go/internal/handlers/combo_handler.go:99.21,101.3 1 0
github.com/datdev2409/lab-admin-go/internal/handlers/combo_handler.go:102.2,102.24 1 0
github.com/datdev2409/lab-admin-go/internal/handlers/combo_handler.go:102.24,104.3 1 0
github.com/datdev2409/lab-admin-go/internal/handlers/combo_handler.go:105.2,105.22 1 0
github.com/datdev2409/lab-admin-go/internal/handlers/combo_handler.go:105.22,108.3 2 0
github.com/datdev2409/lab-admin-go/internal/handlers/combo_handler.go:109.2,110.16 2 0
github.com/datdev2409/lab-admin-go/internal/handlers/combo_handler.go:110.16,112.3 1 0
github.com/datdev2409/lab-admin-go/internal/handlers/combo_handler.go:113.2,114.12 2 0
github.com/datdev2409/lab-admin-go/internal/handlers/combo_handler.go:118.79,120.65 2 0
github.com/datdev2409/lab-admin-go/internal/handlers/combo_handler.go:120.65,122.3 1 0
github.com/datdev2409/lab-admin-go/internal/handlers/combo_handler.go:123.2,124.12 2 0
github.com/datdev2409/lab-admin-go/internal/handlers/doctor_handler.go:13.82,15.2 1 0
github.com/datdev2409/lab-admin-go/internal/handlers/doctor_handler.go:18.79,20.16 2 0
github.com/datdev2409/lab-admin-go/internal/handlers/doctor_handler.go:20.16,22.3 1 0
github.com/datdev2409/lab-admin-go/internal/handlers/doctor_handler.go:23.2,24.16 2 0
github.com/datdev2409/lab-admin-go/internal/handlers/doctor_handler.go:24.16,26.3 1 0
github.com/datdev2409/lab-admin-go/internal/handlers/doctor_handler.go:28.2,30.16 3 0
github.com/datdev2409/lab-admin-go/internal/handlers/doctor_handler.go:30.16,32.3 1 0
github.com/datdev2409/lab-admin-go/internal/handlers/doctor_handler.go:34.2,35.12 2 0
github.com/datdev2409/lab-admin-go/internal/handlers/doctor_handler.go:39.80,45.61 2 0
github.com/datdev2409/lab-admin-go/internal/handlers/doctor_handler.go:45.61,47.3 1 0
github.com/datdev2409/lab-admin-go/internal/handlers/doctor_handler.go:49.2,50.16 2 0
github.com/datdev2409/lab-admin-go/internal/handlers/doctor_handler.go:50.16,52.3 1 0
github.com/datdev2409/lab-admin-go/internal/handlers/doctor_handler.go:53.2,53.21 1 0
github.com/datdev2409/lab-admin-go/internal/handlers/doctor_handler.go:53.21,55.3 1 0
github.com/datdev2409/lab-admin-go/internal/handlers/doctor_handler.go:57.2,59.16 3 0
github.com/datdev2409/lab-admin-go/internal/handlers/doctor_handler.go:59.16,61.3 1 0
github.com/datdev2409/lab-admin-go/internal/handlers/doctor_handler.go:62.2,63.12 2 0
github.com/datdev2409/lab-admin-go/internal/handlers/doctor_handler.go:67.77,70.16 3 0
github.com/datdev2409/lab-admin-go/internal/handlers/doctor_handler.go:70.16,72.3 1 0
github.com/datdev2409/lab-admin-go/internal/handlers/doctor_handler.go:73.2,74.12 2 0
github.com/datdev2409/lab-admin-go/internal/handlers/doctor_handler.go:78.80,85.61 3 0
github.com/datdev2409/lab-admin-go/internal/handlers/doctor_handler.go:85.61,87.3 1 0
github.com/datdev2409/lab-admin-go/internal/handlers/doctor_handler.go:90.2,90.41 1 0
github.com/datdev2409/lab-admin-go/internal/handlers/doctor_handler.go:90.41,93.17 2 0
github.com/datdev2409/lab-admin-go/internal/handlers/doctor_handler.go:93.17,95.4 1 0
github.com/datdev2409/lab-admin-go/internal/handlers/doctor_handler.go:98.3,100.22 3 0
github.com/datdev2409/lab-admin-go/internal/handlers/doctor_handler.go:100.22,102.4 1 0
github.com/datdev2409/lab-admin-go/internal/handlers/doctor_handler.go:103.3,103.23 1 0
github.com/datdev2409/lab-admin-go/internal/handlers/doctor_handler.go:103.23,105.4 1 0
github.com/datdev2409/lab-admin-go/internal/handlers/doctor_handler.go:108.3,109.17 2 0
github.com/datdev2409/lab-admin-go/internal/handlers/doctor_handler.go:109.17,111.4 1 0
github.com/datdev2409/lab-admin-go/internal/handlers/doctor_handler.go:112.3,112.43 1 0
github.com/datdev2409/lab-admin-go/internal/handlers/doctor_handler.go:112.43,114.4 1 0
github.com/datdev2409/lab-admin-go/internal/handlers/doctor_handler.go:117.2,122.74 2 0
github.com/datdev2409/lab-admin-go/internal/handlers/doctor_handler.go:122.74,124.3 1 0
github.com/datdev2409/lab-admin-go/internal/handlers/doctor_handler.go:125.2,126.16 2 0
github.com/datdev2409/lab-admin-go/internal/handlers/doctor_handler.go:126.16,128.3 1 0
github.com/datdev2409/lab-admin-go/internal/handlers/doctor_handler.go:130.2,131.12 2 0
github.com/datdev2409/lab-admin-go/internal/handlers/doctor_handler.go:135.80,137.66 2 0
github.com/datdev2409/lab-admin-go/internal/handlers/doctor_handler.go:137.66,139.3 1 0
github.com/datdev2409/lab-admin-go/internal/handlers/doctor_handler.go:140.2,141.12 2 0
github.com/datdev2409/lab-admin-go/internal/handlers/error_handler.go:21.35,23.2 1 2
github.com/datdev2409/lab-admin-go/internal/handlers/error_handler.go:28.71,36.2 4 1
github.com/datdev2409/lab-admin-go/internal/handlers/error_handler.go:39.109,48.2 4 1
github.com/datdev2409/lab-admin-go/internal/handlers/error_handler.go:51.86,62.2 6 3
github.com/datdev2409/lab-admin-go/internal/handlers/error_handler.go:65.42,66.19 1 2
github.com/datdev2409/lab-admin-go/internal/handlers/error_handler.go:66.19,68.3 1 1
github.com/datdev2409/lab-admin-go/internal/handlers/error_handler.go:69.2,69.69 1 2
github.com/datdev2409/lab-admin-go/internal/handlers/error_handler.go:72.46,73.19 1 2
github.com/datdev2409/lab-admin-go/internal/handlers/error_handler.go:73.19,75.3 1 1
github.com/datdev2409/lab-admin-go/internal/handlers/error_handler.go:76.2,76.73 1 2
github.com/datdev2409/lab-admin-go/internal/handlers/error_handler.go:79.44,80.19 1 2
github.com/datdev2409/lab-admin-go/internal/handlers/error_handler.go:80.19,82.3 1 1
github.com/datdev2409/lab-admin-go/internal/handlers/error_handler.go:83.2,83.71 1 2
github.com/datdev2409/lab-admin-go/internal/handlers/error_handler.go:86.43,87.19 1 2
github.com/datdev2409/lab-admin-go/internal/handlers/error_handler.go:87.19,89.3 1 1
github.com/datdev2409/lab-admin-go/internal/handlers/error_handler.go:90.2,90.70 1 2
github.com/datdev2409/lab-admin-go/internal/handlers/error_handler.go:93.48,94.19 1 2
github.com/datdev2409/lab-admin-go/internal/handlers/error_handler.go:94.19,96.3 1 1
github.com/datdev2409/lab-admin-go/internal/handlers/error_handler.go:97.2,97.80 1 2
github.com/datdev2409/lab-admin-go/internal/handlers/error_handler.go:101.55,102.54 1 3
github.com/datdev2409/lab-admin-go/internal/handlers/error_handler.go:102.54,103.34 1 3
github.com/datdev2409/lab-admin-go/internal/handlers/error_handler.go:103.34,104.41 1 2
github.com/datdev2409/lab-admin-go/internal/handlers/error_handler.go:104.41,106.5 1 1
github.com/datdev2409/lab-admin-go/internal/handlers/error_handler.go:106.10,108.5 1 1
github.com/datdev2409/lab-admin-go/internal/handlers/handler.go:18.66,41.34 12 0
github.com/datdev2409/lab-admin-go/internal/handlers/handler.go:41.34,57.3 15 0
github.com/datdev2409/lab-admin-go/internal/handlers/handler.go:60.2,60.46 1 0
github.com/datdev2409/lab-admin-go/internal/handlers/handler.go:60.46,63.3 2 0
github.com/datdev2409/lab-admin-go/internal/handlers/handler.go:65.2,65.45 1 0
github.com/datdev2409/lab-admin-go/internal/handlers/handler.go:65.45,69.3 3 0
github.com/datdev2409/lab-admin-go/internal/handlers/handler.go:72.2,72.40 1 0
github.com/datdev2409/lab-admin-go/internal/handlers/handler.go:72.40,74.43 2 0
github.com/datdev2409/lab-admin-go/internal/handlers/handler.go:74.43,82.4 7 0
github.com/datdev2409/lab-admin-go/internal/handlers/handler.go:84.3,84.42 1 0
github.com/datdev2409/lab-admin-go/internal/handlers/handler.go:84.42,90.4 5 0
github.com/datdev2409/lab-admin-go/internal/handlers/handler.go:92.3,92.40 1 0
github.com/datdev2409/lab-admin-go/internal/handlers/handler.go:92.40,98.4 5 0
github.com/datdev2409/lab-admin-go/internal/handlers/handler.go:100.3,100.41 1 0
github.com/datdev2409/lab-admin-go/internal/handlers/handler.go:100.41,107.4 6 0
github.com/datdev2409/lab-admin-go/internal/handlers/handler.go:109.3,109.44 1 0
github.com/datdev2409/lab-admin-go/internal/handlers/handler.go:109.44,114.4 4 0
github.com/datdev2409/lab-admin-go/internal/handlers/handler.go:116.3,116.42 1 0
github.com/datdev2409/lab-admin-go/internal/handlers/handler.go:116.42,124.4 7 0
github.com/datdev2409/lab-admin-go/internal/handlers/handler.go:127.2,127.45 1 0
github.com/datdev2409/lab-admin-go/internal/handlers/handler.go:127.45,129.3 1 0
github.com/datdev2409/lab-admin-go/internal/handlers/handler.go:131.2,131.46 1 0
github.com/datdev2409/lab-admin-go/internal/handlers/handler.go:131.46,136.3 4 0
github.com/datdev2409/lab-admin-go/internal/handlers/handler.go:138.2,138.10 1 0
github.com/datdev2409/lab-admin-go/internal/handlers/handler.go:142.83,147.2 4 0
github.com/datdev2409/lab-admin-go/internal/handlers/helper.go:14.85,17.2 2 0
github.com/datdev2409/lab-admin-go/internal/handlers/helper.go:19.103,22.29 3 0
github.com/datdev2409/lab-admin-go/internal/handlers/helper.go:22.29,24.3 1 0
github.com/datdev2409/lab-admin-go/internal/handlers/helper.go:25.2,26.12 2 0
github.com/datdev2409/lab-admin-go/internal/handlers/helper.go:29.55,32.2 2 1
github.com/datdev2409/lab-admin-go/internal/handlers/helper.go:34.58,41.2 1 1
github.com/datdev2409/lab-admin-go/internal/handlers/helper.go:43.77,45.50 2 2
github.com/datdev2409/lab-admin-go/internal/handlers/helper.go:45.50,53.3 2 1
github.com/datdev2409/lab-admin-go/internal/handlers/helper.go:54.2,54.14 1 2
github.com/datdev2409/lab-admin-go/internal/handlers/helper.go:57.63,59.21 2 4
github.com/datdev2409/lab-admin-go/internal/handlers/helper.go:59.21,61.3 1 2
github.com/datdev2409/lab-admin-go/internal/handlers/helper.go:62.2,62.27 1 2
github.com/datdev2409/lab-admin-go/internal/handlers/helper.go:65.61,66.38 1 7
github.com/datdev2409/lab-admin-go/internal/handlers/helper.go:66.38,68.3 1 4
github.com/datdev2409/lab-admin-go/internal/handlers/helper.go:69.2,69.21 1 3
github.com/datdev2409/lab-admin-go/internal/handlers/helper.go:72.64,76.2 3 3
github.com/datdev2409/lab-admin-go/internal/handlers/helper.go:81.107,84.16 2 0
github.com/datdev2409/lab-admin-go/internal/handlers/helper.go:84.16,86.3 1 0
github.com/datdev2409/lab-admin-go/internal/handlers/helper.go:89.2,90.16 2 0
github.com/datdev2409/lab-admin-go/internal/handlers/helper.go:90.16,92.3 1 0
github.com/datdev2409/lab-admin-go/internal/handlers/helper.go:95.2,108.22 3 0
github.com/datdev2409/lab-admin-go/internal/handlers/helper.go:112.75,114.2 1 0
github.com/datdev2409/lab-admin-go/internal/handlers/helper.go:117.73,119.2 1 0
github.com/datdev2409/lab-admin-go/internal/handlers/midlewares.go:14.76,15.46 1 0
github.com/datdev2409/lab-admin-go/internal/handlers/midlewares.go:15.46,16.72 1 0
github.com/datdev2409/lab-admin-go/internal/handlers/midlewares.go:16.72,20.4 3 0
github.com/datdev2409/lab-admin-go/internal/handlers/midlewares.go:24.57,25.71 1 0
github.com/datdev2409/lab-admin-go/internal/handlers/midlewares.go:25.71,27.17 2 0
github.com/datdev2409/lab-admin-go/internal/handlers/midlewares.go:27.17,30.4 2 0
github.com/datdev2409/lab-admin-go/internal/handlers/midlewares.go:31.3,33.17 3 0
github.com/datdev2409/lab-admin-go/internal/handlers/midlewares.go:33.17,36.4 2 0
github.com/datdev2409/lab-admin-go/internal/handlers/midlewares.go:38.3,39.40 2 0
github.com/datdev2409/lab-admin-go/internal/handlers/midlewares.go:43.57,44.71 1 0
github.com/datdev2409/lab-admin-go/internal/handlers/midlewares.go:44.71,46.17 2 0
github.com/datdev2409/lab-admin-go/internal/handlers/midlewares.go:46.17,49.4 2 0
github.com/datdev2409/lab-admin-go/internal/handlers/midlewares.go:51.3,53.17 3 0
github.com/datdev2409/lab-admin-go/internal/handlers/midlewares.go:53.17,56.4 2 0
github.com/datdev2409/lab-admin-go/internal/handlers/midlewares.go:58.3,59.40 2 0
github.com/datdev2409/lab-admin-go/internal/handlers/midlewares.go:63.49,64.71 1 0
github.com/datdev2409/lab-admin-go/internal/handlers/midlewares.go:64.71,73.24 8 0
github.com/datdev2409/lab-admin-go/internal/handlers/midlewares.go:73.24,75.4 1 0
github.com/datdev2409/lab-admin-go/internal/handlers/midlewares.go:75.9,75.31 1 0
github.com/datdev2409/lab-admin-go/internal/handlers/midlewares.go:75.31,77.4 1 0
github.com/datdev2409/lab-admin-go/internal/handlers/midlewares.go:78.3,78.171 1 0
github.com/datdev2409/lab-admin-go/internal/handlers/patient_handler.go:21.83,23.2 1 0
github.com/datdev2409/lab-admin-go/internal/handlers/patient_handler.go:25.76,28.16 3 0
github.com/datdev2409/lab-admin-go/internal/handlers/patient_handler.go:28.16,30.3 1 0
github.com/datdev2409/lab-admin-go/internal/handlers/patient_handler.go:32.2,33.16 2 0
github.com/datdev2409/lab-admin-go/internal/handlers/patient_handler.go:33.16,35.3 1 0
github.com/datdev2409/lab-admin-go/internal/handlers/patient_handler.go:37.2,40.12 4 0
github.com/datdev2409/lab-admin-go/internal/handlers/patient_handler.go:43.79,46.16 3 0
github.com/datdev2409/lab-admin-go/internal/handlers/patient_handler.go:46.16,48.3 1 0
github.com/datdev2409/lab-admin-go/internal/handlers/patient_handler.go:50.2,51.12 2 0
github.com/datdev2409/lab-admin-go/internal/handlers/patient_handler.go:55.80,57.16 2 0
github.com/datdev2409/lab-admin-go/internal/handlers/patient_handler.go:57.16,59.3 1 0
github.com/datdev2409/lab-admin-go/internal/handlers/patient_handler.go:60.2,61.16 2 0
github.com/datdev2409/lab-admin-go/internal/handlers/patient_handler.go:61.16,63.3 1 0
github.com/datdev2409/lab-admin-go/internal/handlers/patient_handler.go:65.2,67.16 3 0
github.com/datdev2409/lab-admin-go/internal/handlers/patient_handler.go:67.16,69.3 1 0
github.com/datdev2409/lab-admin-go/internal/handlers/patient_handler.go:71.2,72.12 2 0
github.com/datdev2409/lab-admin-go/internal/handlers/patient_handler.go:76.81,84.61 2 0
github.com/datdev2409/lab-admin-go/internal/handlers/patient_handler.go:84.61,86.3 1 0
github.com/datdev2409/lab-admin-go/internal/handlers/patient_handler.go:88.2,89.16 2 0
github.com/datdev2409/lab-admin-go/internal/handlers/patient_handler.go:89.16,91.3 1 0
github.com/datdev2409/lab-admin-go/internal/handlers/patient_handler.go:92.2,92.21 1 0
github.com/datdev2409/lab-admin-go/internal/handlers/patient_handler.go:92.21,94.3 1 0
github.com/datdev2409/lab-admin-go/internal/handlers/patient_handler.go:96.2,98.16 3 0
github.com/datdev2409/lab-admin-go/internal/handlers/patient_handler.go:98.16,100.3 1 0
github.com/datdev2409/lab-admin-go/internal/handlers/patient_handler.go:101.2,102.12 2 0
github.com/datdev2409/lab-admin-go/internal/handlers/patient_handler.go:106.78,109.16 3 0
github.com/datdev2409/lab-admin-go/internal/handlers/patient_handler.go:109.16,111.3 1 0
github.com/datdev2409/lab-admin-go/internal/handlers/patient_handler.go:112.2,113.12 2 0
github.com/datdev2409/lab-admin-go/internal/handlers/patient_handler.go:117.81,127.61 4 0
github.com/datdev2409/lab-admin-go/internal/handlers/patient_handler.go:127.61,129.3 1 0
github.com/datdev2409/lab-admin-go/internal/handlers/patient_handler.go:130.2,137.75 2 0
github.com/datdev2409/lab-admin-go/internal/handlers/patient_handler.go:137.75,139.3 1 0
github.com/datdev2409/lab-admin-go/internal/handlers/patient_handler.go:140.2,141.16 2 0
github.com/datdev2409/lab-admin-go/internal/handlers/patient_handler.go:141.16,143.3 1 0
github.com/datdev2409/lab-admin-go/internal/handlers/patient_handler.go:145.2,146.16 2 0
github.com/datdev2409/lab-admin-go/internal/handlers/patient_handler.go:146.16,150.34 2 0
github.com/datdev2409/lab-admin-go/internal/handlers/patient_handler.go:150.34,151.86 1 0
github.com/datdev2409/lab-admin-go/internal/handlers/patient_handler.go:151.86,157.5 1 0
github.com/datdev2409/lab-admin-go/internal/handlers/patient_handler.go:161.2,162.12 2 0
github.com/datdev2409/lab-admin-go/internal/handlers/patient_handler.go:166.81,168.67 2 0
github.com/datdev2409/lab-admin-go/internal/handlers/patient_handler.go:168.67,170.3 1 0
github.com/datdev2409/lab-admin-go/internal/handlers/patient_handler.go:171.2,172.12 2 0
github.com/datdev2409/lab-admin-go/internal/handlers/patient_handler.go:176.85,181.16 3 0
github.com/datdev2409/lab-admin-go/internal/handlers/patient_handler.go:181.16,183.3 1 0
github.com/datdev2409/lab-admin-go/internal/handlers/patient_handler.go:186.2,187.16 2 0
github.com/datdev2409/lab-admin-go/internal/handlers/patient_handler.go:187.16,189.3 1 0
github.com/datdev2409/lab-admin-go/internal/handlers/patient_handler.go:190.2,191.16 2 0
github.com/datdev2409/lab-admin-go/internal/handlers/patient_handler.go:191.16,193.3 1 0
github.com/datdev2409/lab-admin-go/internal/handlers/patient_handler.go:195.2,199.18 4 0
github.com/datdev2409/lab-admin-go/internal/handlers/patient_handler.go:199.18,201.3 1 0
github.com/datdev2409/lab-admin-go/internal/handlers/patient_handler.go:202.2,203.21 2 0
github.com/datdev2409/lab-admin-go/internal/handlers/patient_handler.go:203.21,205.3 1 0
github.com/datdev2409/lab-admin-go/internal/handlers/patient_handler.go:208.2,222.16 4 0
github.com/datdev2409/lab-admin-go/internal/handlers/patient_handler.go:222.16,224.3 1 0
github.com/datdev2409/lab-admin-go/internal/handlers/patient_handler.go:226.2,227.12 2 0
github.com/datdev2409/lab-admin-go/internal/handlers/patient_handler.go:233.89,238.16 3 0
github.com/datdev2409/lab-admin-go/internal/handlers/patient_handler.go:238.16,240.3 1 0
github.com/datdev2409/lab-admin-go/internal/handlers/patient_handler.go:243.2,247.61 2 0
github.com/datdev2409/lab-admin-go/internal/handlers/patient_handler.go:247.61,249.3 1 0
github.com/datdev2409/lab-admin-go/internal/handlers/patient_handler.go:251.2,251.29 1 0
github.com/datdev2409/lab-admin-go/internal/handlers/patient_handler.go:251.29,253.3 1 0
github.com/datdev2409/lab-admin-go/internal/handlers/patient_handler.go:256.2,257.41 2 0
github.com/datdev2409/lab-admin-go/internal/handlers/patient_handler.go:257.41,259.17 2 0
github.com/datdev2409/lab-admin-go/internal/handlers/patient_handler.go:259.17,261.4 1 0
github.com/datdev2409/lab-admin-go/internal/handlers/patient_handler.go:262.3,262.38 1 0
github.com/datdev2409/lab-admin-go/internal/handlers/patient_handler.go:262.38,264.4 1 0
github.com/datdev2409/lab-admin-go/internal/handlers/patient_handler.go:265.3,265.36 1 0
github.com/datdev2409/lab-admin-go/internal/handlers/patient_handler.go:269.2,270.16 2 0
github.com/datdev2409/lab-admin-go/internal/handlers/patient_handler.go:270.16,272.3 1 0
github.com/datdev2409/lab-admin-go/internal/handlers/patient_handler.go:275.2,276.16 2 0
github.com/datdev2409/lab-admin-go/internal/handlers/patient_handler.go:276.16,278.3 1 0
github.com/datdev2409/lab-admin-go/internal/handlers/patient_handler.go:280.2,286.16 3 0
github.com/datdev2409/lab-admin-go/internal/handlers/patient_handler.go:286.16,288.3 1 0
github.com/datdev2409/lab-admin-go/internal/handlers/patient_handler.go:290.2,299.16 4 0
github.com/datdev2409/lab-admin-go/internal/handlers/patient_handler.go:299.16,301.3 1 0
github.com/datdev2409/lab-admin-go/internal/handlers/patient_handler.go:303.2,306.12 2 0
github.com/datdev2409/lab-admin-go/internal/handlers/patient_handler.go:312.133,313.22 1 0
github.com/datdev2409/lab-admin-go/internal/handlers/patient_handler.go:313.22,315.3 1 0
github.com/datdev2409/lab-admin-go/internal/handlers/patient_handler.go:316.2,316.49 1 0
github.com/datdev2409/lab-admin-go/internal/handlers/patient_handler.go:320.112,322.16 2 0
github.com/datdev2409/lab-admin-go/internal/handlers/patient_handler.go:322.16,324.3 1 0
github.com/datdev2409/lab-admin-go/internal/handlers/patient_handler.go:327.2,330.40 3 0
github.com/datdev2409/lab-admin-go/internal/handlers/patient_handler.go:330.40,332.3 1 0
github.com/datdev2409/lab-admin-go/internal/handlers/patient_handler.go:335.2,336.29 2 0
github.com/datdev2409/lab-admin-go/internal/handlers/patient_handler.go:336.29,343.3 1 0
github.com/datdev2409/lab-admin-go/internal/handlers/patient_handler.go:345.2,345.22 1 0
github.com/datdev2409/lab-admin-go/internal/handlers/patient_handler.go:349.88,353.33 3 0
github.com/datdev2409/lab-admin-go/internal/handlers/patient_handler.go:353.33,354.43 1 0
github.com/datdev2409/lab-admin-go/internal/handlers/patient_handler.go:354.43,355.24 1 0
github.com/datdev2409/lab-admin-go/internal/handlers/patient_handler.go:355.24,363.5 2 0
github.com/datdev2409/lab-admin-go/internal/handlers/patient_handler.go:367.2,367.17 1 0
github.com/datdev2409/lab-admin-go/internal/handlers/record_handler.go:24.94,25.20 1 0
github.com/datdev2409/lab-admin-go/internal/handlers/record_handler.go:25.20,27.3 1 0
github.com/datdev2409/lab-admin-go/internal/handlers/record_handler.go:29.2,30.16 2 0
github.com/datdev2409/lab-admin-go/internal/handlers/record_handler.go:30.16,33.3 2 0
github.com/datdev2409/lab-admin-go/internal/handlers/record_handler.go:36.2,36.25 1 0
github.com/datdev2409/lab-admin-go/internal/handlers/record_handler.go:40.112,47.73 4 0
github.com/datdev2409/lab-admin-go/internal/handlers/record_handler.go:47.73,49.17 2 0
github.com/datdev2409/lab-admin-go/internal/handlers/record_handler.go:49.17,51.4 1 0
github.com/datdev2409/lab-admin-go/internal/handlers/record_handler.go:51.9,53.4 1 0
github.com/datdev2409/lab-admin-go/internal/handlers/record_handler.go:57.2,57.67 1 0
github.com/datdev2409/lab-admin-go/internal/handlers/record_handler.go:57.67,59.17 2 0
github.com/datdev2409/lab-admin-go/internal/handlers/record_handler.go:59.17,61.4 1 0
github.com/datdev2409/lab-admin-go/internal/handlers/record_handler.go:61.9,63.4 1 0
github.com/datdev2409/lab-admin-go/internal/handlers/record_handler.go:67.2,75.23 2 0
github.com/datdev2409/lab-admin-go/internal/handlers/record_handler.go:75.23,78.3 2 0
github.com/datdev2409/lab-admin-go/internal/handlers/record_handler.go:80.2,80.27 1 0
github.com/datdev2409/lab-admin-go/internal/handlers/record_handler.go:84.161,88.16 3 0
github.com/datdev2409/lab-admin-go/internal/handlers/record_handler.go:88.16,91.3 2 0
github.com/datdev2409/lab-admin-go/internal/handlers/record_handler.go:93.2,97.24 2 0
github.com/datdev2409/lab-admin-go/internal/handlers/record_handler.go:101.78,104.56 2 0
github.com/datdev2409/lab-admin-go/internal/handlers/record_handler.go:104.56,108.3 3 0
github.com/datdev2409/lab-admin-go/internal/handlers/record_handler.go:108.8,108.37 1 0
github.com/datdev2409/lab-admin-go/internal/handlers/record_handler.go:108.37,111.3 2 0
github.com/datdev2409/lab-admin-go/internal/handlers/record_handler.go:111.8,111.35 1 0
github.com/datdev2409/lab-admin-go/internal/handlers/record_handler.go:111.35,114.3 2 0
github.com/datdev2409/lab-admin-go/internal/handlers/record_handler.go:116.2,116.31 1 0
github.com/datdev2409/lab-admin-go/internal/handlers/record_handler.go:119.82,121.2 1 0
github.com/datdev2409/lab-admin-go/internal/handlers/record_handler.go:123.87,125.2 1 0
github.com/datdev2409/lab-admin-go/internal/handlers/record_handler.go:127.88,130.2 2 0
github.com/datdev2409/lab-admin-go/internal/handlers/record_handler.go:132.78,138.61 2 0
github.com/datdev2409/lab-admin-go/internal/handlers/record_handler.go:138.61,140.3 1 0
github.com/datdev2409/lab-admin-go/internal/handlers/record_handler.go:142.2,143.16 2 0
github.com/datdev2409/lab-admin-go/internal/handlers/record_handler.go:143.16,145.3 1 0
github.com/datdev2409/lab-admin-go/internal/handlers/record_handler.go:147.2,148.16 2 0
github.com/datdev2409/lab-admin-go/internal/handlers/record_handler.go:148.16,150.3 1 0
github.com/datdev2409/lab-admin-go/internal/handlers/record_handler.go:152.2,153.16 2 0
github.com/datdev2409/lab-admin-go/internal/handlers/record_handler.go:153.16,155.3 1 0
github.com/datdev2409/lab-admin-go/internal/handlers/record_handler.go:157.2,163.16 4 0
github.com/datdev2409/lab-admin-go/internal/handlers/record_handler.go:163.16,165.3 1 0
github.com/datdev2409/lab-admin-go/internal/handlers/record_handler.go:167.2,167.73 1 0
github.com/datdev2409/lab-admin-go/internal/handlers/record_handler.go:167.73,169.17 2 0
github.com/datdev2409/lab-admin-go/internal/handlers/record_handler.go:169.17,171.4 1 0
github.com/datdev2409/lab-admin-go/internal/handlers/record_handler.go:173.3,175.5 1 0
github.com/datdev2409/lab-admin-go/internal/handlers/record_handler.go:178.2,180.4 1 0
github.com/datdev2409/lab-admin-go/internal/handlers/record_handler.go:184.79,190.16 5 0
github.com/datdev2409/lab-admin-go/internal/handlers/record_handler.go:190.16,192.3 1 0
github.com/datdev2409/lab-admin-go/internal/handlers/record_handler.go:193.2,194.16 2 0
github.com/datdev2409/lab-admin-go/internal/handlers/record_handler.go:194.16,196.3 1 0
github.com/datdev2409/lab-admin-go/internal/handlers/record_handler.go:198.2,199.18 2 0
github.com/datdev2409/lab-admin-go/internal/handlers/record_handler.go:199.18,201.3 1 0
github.com/datdev2409/lab-admin-go/internal/handlers/record_handler.go:202.2,203.21 2 0
github.com/datdev2409/lab-admin-go/internal/handlers/record_handler.go:203.21,205.3 1 0
github.com/datdev2409/lab-admin-go/internal/handlers/record_handler.go:207.2,221.16 4 0
github.com/datdev2409/lab-admin-go/internal/handlers/record_handler.go:221.16,223.3 1 0
github.com/datdev2409/lab-admin-go/internal/handlers/record_handler.go:225.2,226.12 2 0
github.com/datdev2409/lab-admin-go/internal/handlers/record_handler.go:230.80,232.65 2 0
github.com/datdev2409/lab-admin-go/internal/handlers/record_handler.go:232.65,234.3 1 0
github.com/datdev2409/lab-admin-go/internal/handlers/record_handler.go:235.2,235.62 1 0
github.com/datdev2409/lab-admin-go/internal/handlers/record_handler.go:235.62,237.3 1 0
github.com/datdev2409/lab-admin-go/internal/handlers/record_handler.go:239.2,240.16 2 0
github.com/datdev2409/lab-admin-go/internal/handlers/record_handler.go:240.16,242.3 1 0
github.com/datdev2409/lab-admin-go/internal/handlers/record_handler.go:245.2,246.16 2 0
github.com/datdev2409/lab-admin-go/internal/handlers/record_handler.go:246.16,248.3 1 0
github.com/datdev2409/lab-admin-go/internal/handlers/record_handler.go:249.2,252.41 3 0
github.com/datdev2409/lab-admin-go/internal/handlers/record_handler.go:252.41,254.3 1 0
github.com/datdev2409/lab-admin-go/internal/handlers/record_handler.go:256.2,257.56 2 0
github.com/datdev2409/lab-admin-go/internal/handlers/record_handler.go:257.56,259.3 1 0
github.com/datdev2409/lab-admin-go/internal/handlers/record_handler.go:259.8,261.3 1 0
github.com/datdev2409/lab-admin-go/internal/handlers/record_handler.go:263.2,264.16 2 0
github.com/datdev2409/lab-admin-go/internal/handlers/record_handler.go:264.16,266.3 1 0
github.com/datdev2409/lab-admin-go/internal/handlers/record_handler.go:267.2,268.12 2 0
github.com/datdev2409/lab-admin-go/internal/handlers/record_handler.go:272.77,275.16 3 0
github.com/datdev2409/lab-admin-go/internal/handlers/record_handler.go:275.16,277.3 1 0
github.com/datdev2409/lab-admin-go/internal/handlers/record_handler.go:278.2,279.12 2 0
github.com/datdev2409/lab-admin-go/internal/handlers/record_handler.go:283.80,286.65 3 0
github.com/datdev2409/lab-admin-go/internal/handlers/record_handler.go:286.65,288.3 1 0
github.com/datdev2409/lab-admin-go/internal/handlers/record_handler.go:289.2,289.29 1 0
github.com/datdev2409/lab-admin-go/internal/handlers/record_handler.go:289.29,291.17 2 0
github.com/datdev2409/lab-admin-go/internal/handlers/record_handler.go:291.17,293.4 1 0
github.com/datdev2409/lab-admin-go/internal/handlers/record_handler.go:294.3,294.28 1 0
github.com/datdev2409/lab-admin-go/internal/handlers/record_handler.go:298.2,299.16 2 0
github.com/datdev2409/lab-admin-go/internal/handlers/record_handler.go:299.16,301.3 1 0
github.com/datdev2409/lab-admin-go/internal/handlers/record_handler.go:302.2,304.77 2 0
github.com/datdev2409/lab-admin-go/internal/handlers/record_handler.go:304.77,306.3 1 0
github.com/datdev2409/lab-admin-go/internal/handlers/record_handler.go:307.2,308.16 2 0
github.com/datdev2409/lab-admin-go/internal/handlers/record_handler.go:308.16,310.3 1 0
github.com/datdev2409/lab-admin-go/internal/handlers/record_handler.go:311.2,312.12 2 0
github.com/datdev2409/lab-admin-go/internal/handlers/record_handler.go:316.80,318.68 2 0
github.com/datdev2409/lab-admin-go/internal/handlers/record_handler.go:318.68,320.3 1 0
github.com/datdev2409/lab-admin-go/internal/handlers/record_handler.go:321.2,322.12 2 0
github.com/datdev2409/lab-admin-go/internal/handlers/record_handler.go:326.87,332.16 4 0
github.com/datdev2409/lab-admin-go/internal/handlers/record_handler.go:332.16,337.3 2 0
github.com/datdev2409/lab-admin-go/internal/handlers/record_handler.go:340.2,341.16 2 0
github.com/datdev2409/lab-admin-go/internal/handlers/record_handler.go:341.16,345.3 1 0
github.com/datdev2409/lab-admin-go/internal/handlers/record_handler.go:347.2,347.48 1 0
github.com/datdev2409/lab-admin-go/internal/handlers/record_handler.go:351.86,357.16 4 0
github.com/datdev2409/lab-admin-go/internal/handlers/record_handler.go:357.16,362.3 2 0
github.com/datdev2409/lab-admin-go/internal/handlers/record_handler.go:365.2,366.16 2 0
github.com/datdev2409/lab-admin-go/internal/handlers/record_handler.go:366.16,370.3 1 0
github.com/datdev2409/lab-admin-go/internal/handlers/record_handler.go:373.2,374.16 2 0
github.com/datdev2409/lab-admin-go/internal/handlers/record_handler.go:374.16,379.3 2 0
github.com/datdev2409/lab-admin-go/internal/handlers/record_handler.go:381.2,382.16 2 0
github.com/datdev2409/lab-admin-go/internal/handlers/record_handler.go:382.16,387.3 2 0
github.com/datdev2409/lab-admin-go/internal/handlers/record_handler.go:390.2,398.16 5 0
github.com/datdev2409/lab-admin-go/internal/handlers/record_handler.go:398.16,401.3 2 0
github.com/datdev2409/lab-admin-go/internal/handlers/record_handler.go:403.2,403.12 1 0
github.com/datdev2409/lab-admin-go/internal/handlers/report_handler.go:10.82,12.2 1 0
github.com/datdev2409/lab-admin-go/internal/handlers/test_handler.go:16.80,18.2 1 0
github.com/datdev2409/lab-admin-go/internal/handlers/test_handler.go:20.82,22.16 2 0
github.com/datdev2409/lab-admin-go/internal/handlers/test_handler.go:22.16,25.3 2 0
github.com/datdev2409/lab-admin-go/internal/handlers/test_handler.go:26.2,27.16 2 0
github.com/datdev2409/lab-admin-go/internal/handlers/test_handler.go:27.16,30.3 2 0
github.com/datdev2409/lab-admin-go/internal/handlers/test_handler.go:31.2,32.16 2 0
github.com/datdev2409/lab-admin-go/internal/handlers/test_handler.go:32.16,35.3 2 0
github.com/datdev2409/lab-admin-go/internal/handlers/test_handler.go:37.2,47.16 3 0
github.com/datdev2409/lab-admin-go/internal/handlers/test_handler.go:47.16,50.3 2 0
github.com/datdev2409/lab-admin-go/internal/handlers/test_handler.go:52.2,54.12 3 0
github.com/datdev2409/lab-admin-go/internal/handlers/test_handler.go:57.76,60.16 3 0
github.com/datdev2409/lab-admin-go/internal/handlers/test_handler.go:60.16,62.3 1 0
github.com/datdev2409/lab-admin-go/internal/handlers/test_handler.go:63.2,64.12 2 0
github.com/datdev2409/lab-admin-go/internal/handlers/test_handler.go:68.77,71.16 3 0
github.com/datdev2409/lab-admin-go/internal/handlers/test_handler.go:71.16,73.3 1 0
github.com/datdev2409/lab-admin-go/internal/handlers/test_handler.go:74.2,75.16 2 0
github.com/datdev2409/lab-admin-go/internal/handlers/test_handler.go:75.16,77.3 1 0
github.com/datdev2409/lab-admin-go/internal/handlers/test_handler.go:78.2,81.16 4 0
github.com/datdev2409/lab-admin-go/internal/handlers/test_handler.go:81.16,83.3 1 0
github.com/datdev2409/lab-admin-go/internal/handlers/test_handler.go:84.2,85.12 2 0
github.com/datdev2409/lab-admin-go/internal/handlers/test_handler.go:89.78,92.61 3 0
github.com/datdev2409/lab-admin-go/internal/handlers/test_handler.go:92.61,95.3 2 0
github.com/datdev2409/lab-admin-go/internal/handlers/test_handler.go:97.2,117.20 2 0
github.com/datdev2409/lab-admin-go/internal/handlers/test_handler.go:117.20,119.3 1 0
github.com/datdev2409/lab-admin-go/internal/handlers/test_handler.go:121.2,130.16 3 0
github.com/datdev2409/lab-admin-go/internal/handlers/test_handler.go:130.16,132.3 1 0
github.com/datdev2409/lab-admin-go/internal/handlers/test_handler.go:133.2,134.12 2 0
github.com/datdev2409/lab-admin-go/internal/handlers/test_handler.go:138.75,141.16 3 0
github.com/datdev2409/lab-admin-go/internal/handlers/test_handler.go:141.16,143.3 1 0
github.com/datdev2409/lab-admin-go/internal/handlers/test_handler.go:144.2,145.12 2 0
github.com/datdev2409/lab-admin-go/internal/handlers/test_handler.go:149.78,159.61 3 0
github.com/datdev2409/lab-admin-go/internal/handlers/test_handler.go:159.61,161.3 1 0
github.com/datdev2409/lab-admin-go/internal/handlers/test_handler.go:162.2,163.21 2 0
github.com/datdev2409/lab-admin-go/internal/handlers/test_handler.go:163.21,165.3 1 0
github.com/datdev2409/lab-admin-go/internal/handlers/test_handler.go:166.2,166.22 1 0
github.com/datdev2409/lab-admin-go/internal/handlers/test_handler.go:166.22,168.3 1 0
github.com/datdev2409/lab-admin-go/internal/handlers/test_handler.go:169.2,169.28 1 0
github.com/datdev2409/lab-admin-go/internal/handlers/test_handler.go:169.28,171.3 1 0
github.com/datdev2409/lab-admin-go/internal/handlers/test_handler.go:172.2,172.21 1 0
github.com/datdev2409/lab-admin-go/internal/handlers/test_handler.go:172.21,174.3 1 0
github.com/datdev2409/lab-admin-go/internal/handlers/test_handler.go:175.2,175.27 1 0
github.com/datdev2409/lab-admin-go/internal/handlers/test_handler.go:175.27,177.3 1 0
github.com/datdev2409/lab-admin-go/internal/handlers/test_handler.go:178.2,178.27 1 0
github.com/datdev2409/lab-admin-go/internal/handlers/test_handler.go:178.27,180.3 1 0
github.com/datdev2409/lab-admin-go/internal/handlers/test_handler.go:181.2,181.22 1 0
github.com/datdev2409/lab-admin-go/internal/handlers/test_handler.go:181.22,184.3 2 0
github.com/datdev2409/lab-admin-go/internal/handlers/test_handler.go:185.2,185.72 1 0
github.com/datdev2409/lab-admin-go/internal/handlers/test_handler.go:185.72,187.3 1 0
github.com/datdev2409/lab-admin-go/internal/handlers/test_handler.go:188.2,189.16 2 0
github.com/datdev2409/lab-admin-go/internal/handlers/test_handler.go:189.16,191.3 1 0
github.com/datdev2409/lab-admin-go/internal/handlers/test_handler.go:192.2,193.12 2 0
github.com/datdev2409/lab-admin-go/internal/handlers/test_handler.go:197.78,199.64 2 0
github.com/datdev2409/lab-admin-go/internal/handlers/test_handler.go:199.64,201.3 1 0
github.com/datdev2409/lab-admin-go/internal/handlers/test_handler.go:202.2,203.12 2 0
github.com/datdev2409/lab-admin-go/internal/handlers/tracking_handler.go:23.84,25.2 1 0
github.com/datdev2409/lab-admin-go/internal/handlers/tracking_handler.go:27.88,29.2 1 0
github.com/datdev2409/lab-admin-go/internal/handlers/tracking_handler.go:31.94,33.2 1 0
github.com/datdev2409/lab-admin-go/internal/handlers/tracking_handler.go:35.79,39.16 4 0
github.com/datdev2409/lab-admin-go/internal/handlers/tracking_handler.go:39.16,41.3 1 0
github.com/datdev2409/lab-admin-go/internal/handlers/tracking_handler.go:42.2,43.16 2 0
github.com/datdev2409/lab-admin-go/internal/handlers/tracking_handler.go:43.16,45.3 1 0
github.com/datdev2409/lab-admin-go/internal/handlers/tracking_handler.go:46.2,47.16 2 0
github.com/datdev2409/lab-admin-go/internal/handlers/tracking_handler.go:47.16,49.3 1 0
github.com/datdev2409/lab-admin-go/internal/handlers/tracking_handler.go:51.2,54.16 3 0
github.com/datdev2409/lab-admin-go/internal/handlers/tracking_handler.go:55.10,59.5 1 0
github.com/datdev2409/lab-admin-go/internal/handlers/tracking_handler.go:64.86,68.16 3 0
github.com/datdev2409/lab-admin-go/internal/handlers/tracking_handler.go:68.16,70.3 1 0
github.com/datdev2409/lab-admin-go/internal/handlers/tracking_handler.go:71.2,74.16 3 0
github.com/datdev2409/lab-admin-go/internal/handlers/tracking_handler.go:74.16,76.3 1 0
github.com/datdev2409/lab-admin-go/internal/handlers/tracking_handler.go:79.2,82.33 3 0
github.com/datdev2409/lab-admin-go/internal/handlers/tracking_handler.go:82.33,83.43 1 0
github.com/datdev2409/lab-admin-go/internal/handlers/tracking_handler.go:83.43,84.54 1 0
github.com/datdev2409/lab-admin-go/internal/handlers/tracking_handler.go:84.54,92.5 2 0
github.com/datdev2409/lab-admin-go/internal/handlers/tracking_handler.go:96.2,96.66 1 0
github.com/datdev2409/lab-admin-go/internal/handlers/tracking_handler.go:99.86,104.25 3 0
github.com/datdev2409/lab-admin-go/internal/handlers/tracking_handler.go:104.25,106.3 1 0
github.com/datdev2409/lab-admin-go/internal/handlers/tracking_handler.go:109.2,110.31 2 0
github.com/datdev2409/lab-admin-go/internal/handlers/tracking_handler.go:110.31,112.17 2 0
github.com/datdev2409/lab-admin-go/internal/handlers/tracking_handler.go:112.17,114.4 1 0
github.com/datdev2409/lab-admin-go/internal/handlers/tracking_handler.go:115.3,115.36 1 0
github.com/datdev2409/lab-admin-go/internal/handlers/tracking_handler.go:119.2,121.16 3 0
github.com/datdev2409/lab-admin-go/internal/handlers/tracking_handler.go:121.16,123.3 1 0
github.com/datdev2409/lab-admin-go/internal/handlers/tracking_handler.go:126.2,127.16 2 0
github.com/datdev2409/lab-admin-go/internal/handlers/tracking_handler.go:127.16,129.3 1 0
github.com/datdev2409/lab-admin-go/internal/handlers/tracking_handler.go:131.2,137.16 3 0
github.com/datdev2409/lab-admin-go/internal/handlers/tracking_handler.go:137.16,139.3 1 0
github.com/datdev2409/lab-admin-go/internal/handlers/tracking_handler.go:141.2,150.16 4 0
github.com/datdev2409/lab-admin-go/internal/handlers/tracking_handler.go:150.16,152.3 1 0
github.com/datdev2409/lab-admin-go/internal/handlers/tracking_handler.go:154.2,155.12 2 0
github.com/datdev2409/lab-admin-go/internal/handlers/tracking_handler.go:158.80,161.65 2 0
github.com/datdev2409/lab-admin-go/internal/handlers/tracking_handler.go:161.65,163.3 1 0
github.com/datdev2409/lab-admin-go/internal/handlers/tracking_handler.go:165.2,168.16 3 0
github.com/datdev2409/lab-admin-go/internal/handlers/tracking_handler.go:168.16,170.3 1 0
github.com/datdev2409/lab-admin-go/internal/handlers/tracking_handler.go:172.2,172.12 1 0
github.com/datdev2409/lab-admin-go/internal/handlers/tracking_handler.go:176.81,178.16 2 0
github.com/datdev2409/lab-admin-go/internal/handlers/tracking_handler.go:178.16,180.3 1 0
github.com/datdev2409/lab-admin-go/internal/handlers/tracking_handler.go:181.2,182.16 2 0
github.com/datdev2409/lab-admin-go/internal/handlers/tracking_handler.go:182.16,184.3 1 0
github.com/datdev2409/lab-admin-go/internal/handlers/tracking_handler.go:185.2,187.16 3 0
github.com/datdev2409/lab-admin-go/internal/handlers/tracking_handler.go:187.16,189.3 1 0
github.com/datdev2409/lab-admin-go/internal/handlers/tracking_handler.go:190.2,191.12 2 0
github.com/datdev2409/lab-admin-go/internal/handlers/tracking_handler.go:195.82,200.61 2 0
github.com/datdev2409/lab-admin-go/internal/handlers/tracking_handler.go:200.61,202.3 1 0
github.com/datdev2409/lab-admin-go/internal/handlers/tracking_handler.go:203.2,203.20 1 0
github.com/datdev2409/lab-admin-go/internal/handlers/tracking_handler.go:203.20,205.3 1 0
github.com/datdev2409/lab-admin-go/internal/handlers/tracking_handler.go:206.2,208.16 3 0
github.com/datdev2409/lab-admin-go/internal/handlers/tracking_handler.go:208.16,210.3 1 0
github.com/datdev2409/lab-admin-go/internal/handlers/tracking_handler.go:212.2,213.16 2 0
github.com/datdev2409/lab-admin-go/internal/handlers/tracking_handler.go:213.16,215.3 1 0
github.com/datdev2409/lab-admin-go/internal/handlers/tracking_handler.go:216.2,217.12 2 0
github.com/datdev2409/lab-admin-go/internal/handlers/tracking_handler.go:221.79,224.16 3 0
github.com/datdev2409/lab-admin-go/internal/handlers/tracking_handler.go:224.16,226.3 1 0
github.com/datdev2409/lab-admin-go/internal/handlers/tracking_handler.go:227.2,228.12 2 0
github.com/datdev2409/lab-admin-go/internal/handlers/tracking_handler.go:232.82,234.68 2 0
github.com/datdev2409/lab-admin-go/internal/handlers/tracking_handler.go:234.68,236.3 1 0
github.com/datdev2409/lab-admin-go/internal/handlers/tracking_handler.go:237.2,238.12 2 0
github.com/datdev2409/lab-admin-go/internal/sheets/base_report_builder.go:17.98,25.2 2 0
github.com/datdev2409/lab-admin-go/internal/sheets/base_report_builder.go:28.74,31.57 2 0
github.com/datdev2409/lab-admin-go/internal/sheets/base_report_builder.go:31.57,33.3 1 0
github.com/datdev2409/lab-admin-go/internal/sheets/base_report_builder.go:35.2,35.56 1 0
github.com/datdev2409/lab-admin-go/internal/sheets/base_report_builder.go:35.56,37.3 1 0
github.com/datdev2409/lab-admin-go/internal/sheets/base_report_builder.go:39.2,39.12 1 0
github.com/datdev2409/lab-admin-go/internal/sheets/base_report_builder.go:43.100,44.58 1 0
github.com/datdev2409/lab-admin-go/internal/sheets/base_report_builder.go:44.58,46.3 1 0
github.com/datdev2409/lab-admin-go/internal/sheets/base_report_builder.go:48.2,48.57 1 0
github.com/datdev2409/lab-admin-go/internal/sheets/base_report_builder.go:48.57,50.3 1 0
github.com/datdev2409/lab-admin-go/internal/sheets/base_report_builder.go:52.2,52.56 1 0
github.com/datdev2409/lab-admin-go/internal/sheets/base_report_builder.go:52.56,54.3 1 0
github.com/datdev2409/lab-admin-go/internal/sheets/base_report_builder.go:56.2,56.12 1 0
github.com/datdev2409/lab-admin-go/internal/sheets/base_report_builder.go:61.108,62.68 1 0
github.com/datdev2409/lab-admin-go/internal/sheets/base_report_builder.go:62.68,64.3 1 0
github.com/datdev2409/lab-admin-go/internal/sheets/base_report_builder.go:66.2,66.19 1 0
github.com/datdev2409/lab-admin-go/internal/sheets/base_report_builder.go:66.19,67.77 1 0
github.com/datdev2409/lab-admin-go/internal/sheets/base_report_builder.go:67.77,69.4 1 0
github.com/datdev2409/lab-admin-go/internal/sheets/base_report_builder.go:71.2,71.12 1 0
github.com/datdev2409/lab-admin-go/internal/sheets/base_report_builder.go:76.125,77.72 1 0
github.com/datdev2409/lab-admin-go/internal/sheets/base_report_builder.go:77.72,79.3 1 0
github.com/datdev2409/lab-admin-go/internal/sheets/base_report_builder.go:80.2,80.73 1 0
github.com/datdev2409/lab-admin-go/internal/sheets/base_report_builder.go:80.73,82.3 1 0
github.com/datdev2409/lab-admin-go/internal/sheets/base_report_builder.go:84.2,84.19 1 0
github.com/datdev2409/lab-admin-go/internal/sheets/base_report_builder.go:84.19,85.85 1 0
github.com/datdev2409/lab-admin-go/internal/sheets/base_report_builder.go:85.85,87.4 1 0
github.com/datdev2409/lab-admin-go/internal/sheets/base_report_builder.go:89.2,89.12 1 0
github.com/datdev2409/lab-admin-go/internal/sheets/billing_report_generator.go:18.68,41.16 3 0
github.com/datdev2409/lab-admin-go/internal/sheets/billing_report_generator.go:41.16,43.3 1 0
github.com/datdev2409/lab-admin-go/internal/sheets/billing_report_generator.go:45.2,45.55 1 0
github.com/datdev2409/lab-admin-go/internal/sheets/billing_report_generator.go:45.55,47.3 1 0
github.com/datdev2409/lab-admin-go/internal/sheets/billing_report_generator.go:49.2,49.56 1 0
github.com/datdev2409/lab-admin-go/internal/sheets/billing_report_generator.go:52.92,54.9 2 0
github.com/datdev2409/lab-admin-go/internal/sheets/billing_report_generator.go:54.9,56.3 1 0
github.com/datdev2409/lab-admin-go/internal/sheets/billing_report_generator.go:58.2,75.37 6 0
github.com/datdev2409/lab-admin-go/internal/sheets/billing_report_generator.go:75.37,77.17 2 0
github.com/datdev2409/lab-admin-go/internal/sheets/billing_report_generator.go:77.17,79.4 1 0
github.com/datdev2409/lab-admin-go/internal/sheets/billing_report_generator.go:83.2,84.16 2 0
github.com/datdev2409/lab-admin-go/internal/sheets/billing_report_generator.go:84.16,86.3 1 0
github.com/datdev2409/lab-admin-go/internal/sheets/billing_report_generator.go:89.2,106.34 6 0
github.com/datdev2409/lab-admin-go/internal/sheets/billing_report_generator.go:106.34,107.108 1 0
github.com/datdev2409/lab-admin-go/internal/sheets/billing_report_generator.go:107.108,109.4 1 0
github.com/datdev2409/lab-admin-go/internal/sheets/billing_report_generator.go:113.2,118.16 6 0
github.com/datdev2409/lab-admin-go/internal/sheets/billing_report_generator.go:118.16,120.3 1 0
github.com/datdev2409/lab-admin-go/internal/sheets/billing_report_generator.go:121.2,122.16 2 0
github.com/datdev2409/lab-admin-go/internal/sheets/billing_report_generator.go:122.16,124.3 1 0
github.com/datdev2409/lab-admin-go/internal/sheets/billing_report_generator.go:127.2,129.48 3 0
github.com/datdev2409/lab-admin-go/internal/sheets/billing_report_generator.go:129.48,134.17 5 0
github.com/datdev2409/lab-admin-go/internal/sheets/billing_report_generator.go:134.17,136.4 1 0
github.com/datdev2409/lab-admin-go/internal/sheets/billing_report_generator.go:138.3,151.17 10 0
github.com/datdev2409/lab-admin-go/internal/sheets/billing_report_generator.go:151.17,153.4 1 0
github.com/datdev2409/lab-admin-go/internal/sheets/billing_report_generator.go:155.3,155.37 1 0
github.com/datdev2409/lab-admin-go/internal/sheets/billing_report_generator.go:159.2,173.16 11 0
github.com/datdev2409/lab-admin-go/internal/sheets/billing_report_generator.go:173.16,175.3 1 0
github.com/datdev2409/lab-admin-go/internal/sheets/billing_report_generator.go:177.2,177.27 1 0
github.com/datdev2409/lab-admin-go/internal/sheets/common_components.go:34.20,44.2 1 0
github.com/datdev2409/lab-admin-go/internal/sheets/common_components.go:47.60,56.103 6 0
github.com/datdev2409/lab-admin-go/internal/sheets/common_components.go:56.103,58.3 1 0
github.com/datdev2409/lab-admin-go/internal/sheets/common_components.go:59.2,59.106 1 0
github.com/datdev2409/lab-admin-go/internal/sheets/common_components.go:59.106,61.3 1 0
github.com/datdev2409/lab-admin-go/internal/sheets/common_components.go:62.2,62.107 1 0
github.com/datdev2409/lab-admin-go/internal/sheets/common_components.go:62.107,64.3 1 0
github.com/datdev2409/lab-admin-go/internal/sheets/common_components.go:65.2,69.106 3 0
github.com/datdev2409/lab-admin-go/internal/sheets/common_components.go:69.106,71.3 1 0
github.com/datdev2409/lab-admin-go/internal/sheets/common_components.go:72.2,72.122 1 0
github.com/datdev2409/lab-admin-go/internal/sheets/common_components.go:72.122,74.3 1 0
github.com/datdev2409/lab-admin-go/internal/sheets/common_components.go:75.2,75.116 1 0
github.com/datdev2409/lab-admin-go/internal/sheets/common_components.go:75.116,77.3 1 0
github.com/datdev2409/lab-admin-go/internal/sheets/common_components.go:78.2,82.107 3 0
github.com/datdev2409/lab-admin-go/internal/sheets/common_components.go:82.107,84.3 1 0
github.com/datdev2409/lab-admin-go/internal/sheets/common_components.go:85.2,85.84 1 0
github.com/datdev2409/lab-admin-go/internal/sheets/common_components.go:85.84,87.3 1 0
github.com/datdev2409/lab-admin-go/internal/sheets/common_components.go:88.2,88.118 1 0
github.com/datdev2409/lab-admin-go/internal/sheets/common_components.go:88.118,90.3 1 0
github.com/datdev2409/lab-admin-go/internal/sheets/common_components.go:91.2,94.19 2 0
github.com/datdev2409/lab-admin-go/internal/sheets/common_components.go:94.19,96.101 2 0
github.com/datdev2409/lab-admin-go/internal/sheets/common_components.go:96.101,98.4 1 0
github.com/datdev2409/lab-admin-go/internal/sheets/common_components.go:99.3,100.21 2 0
github.com/datdev2409/lab-admin-go/internal/sheets/common_components.go:100.21,103.4 2 0
github.com/datdev2409/lab-admin-go/internal/sheets/common_components.go:104.3,104.73 1 0
github.com/datdev2409/lab-admin-go/internal/sheets/common_components.go:104.73,106.4 1 0
github.com/datdev2409/lab-admin-go/internal/sheets/common_components.go:107.3,107.105 1 0
github.com/datdev2409/lab-admin-go/internal/sheets/common_components.go:107.105,109.4 1 0
github.com/datdev2409/lab-admin-go/internal/sheets/common_components.go:112.2,112.12 1 0
github.com/datdev2409/lab-admin-go/internal/sheets/common_components.go:116.58,118.2 1 0
github.com/datdev2409/lab-admin-go/internal/sheets/common_components.go:148.23,160.2 1 0
github.com/datdev2409/lab-admin-go/internal/sheets/common_components.go:170.23,172.25 2 0
github.com/datdev2409/lab-admin-go/internal/sheets/common_components.go:172.25,174.3 1 0
github.com/datdev2409/lab-admin-go/internal/sheets/common_components.go:175.2,185.3 1 0
github.com/datdev2409/lab-admin-go/internal/sheets/common_components.go:189.63,197.19 5 0
github.com/datdev2409/lab-admin-go/internal/sheets/common_components.go:197.19,201.81 4 0
github.com/datdev2409/lab-admin-go/internal/sheets/common_components.go:201.81,203.4 1 0
github.com/datdev2409/lab-admin-go/internal/sheets/common_components.go:206.3,206.29 1 0
github.com/datdev2409/lab-admin-go/internal/sheets/common_components.go:206.29,208.90 2 0
github.com/datdev2409/lab-admin-go/internal/sheets/common_components.go:208.90,210.5 1 0
github.com/datdev2409/lab-admin-go/internal/sheets/common_components.go:212.3,212.123 1 0
github.com/datdev2409/lab-admin-go/internal/sheets/common_components.go:212.123,214.4 1 0
github.com/datdev2409/lab-admin-go/internal/sheets/common_components.go:215.3,215.15 1 0
github.com/datdev2409/lab-admin-go/internal/sheets/common_components.go:219.2,220.89 2 0
github.com/datdev2409/lab-admin-go/internal/sheets/common_components.go:220.89,222.3 1 0
github.com/datdev2409/lab-admin-go/internal/sheets/common_components.go:225.2,225.28 1 0
github.com/datdev2409/lab-admin-go/internal/sheets/common_components.go:225.28,227.79 2 0
github.com/datdev2409/lab-admin-go/internal/sheets/common_components.go:227.79,229.4 1 0
github.com/datdev2409/lab-admin-go/internal/sheets/common_components.go:231.2,231.113 1 0
github.com/datdev2409/lab-admin-go/internal/sheets/common_components.go:231.113,233.3 1 0
github.com/datdev2409/lab-admin-go/internal/sheets/common_components.go:237.2,240.26 2 0
github.com/datdev2409/lab-admin-go/internal/sheets/common_components.go:240.26,242.103 2 0
github.com/datdev2409/lab-admin-go/internal/sheets/common_components.go:242.103,244.4 1 0
github.com/datdev2409/lab-admin-go/internal/sheets/common_components.go:247.3,247.29 1 0
github.com/datdev2409/lab-admin-go/internal/sheets/common_components.go:247.29,249.92 2 0
github.com/datdev2409/lab-admin-go/internal/sheets/common_components.go:249.92,251.5 1 0
github.com/datdev2409/lab-admin-go/internal/sheets/common_components.go:253.3,253.126 1 0
github.com/datdev2409/lab-admin-go/internal/sheets/common_components.go:253.126,255.4 1 0
github.com/datdev2409/lab-admin-go/internal/sheets/common_components.go:258.2,259.12 2 0
github.com/datdev2409/lab-admin-go/internal/sheets/common_components.go:263.46,265.2 1 0
github.com/datdev2409/lab-admin-go/internal/sheets/common_components.go:268.129,274.16 2 0
github.com/datdev2409/lab-admin-go/internal/sheets/common_components.go:274.16,277.3 2 0
github.com/datdev2409/lab-admin-go/internal/sheets/common_components.go:278.2,278.12 1 0
github.com/datdev2409/lab-admin-go/internal/sheets/components.go:37.20,46.2 1 0
github.com/datdev2409/lab-admin-go/internal/sheets/components.go:49.60,51.28 1 0
github.com/datdev2409/lab-admin-go/internal/sheets/components.go:51.28,52.36 1 0
github.com/datdev2409/lab-admin-go/internal/sheets/components.go:52.36,54.4 1 0
github.com/datdev2409/lab-admin-go/internal/sheets/components.go:58.2,58.43 1 0
github.com/datdev2409/lab-admin-go/internal/sheets/components.go:58.43,63.34 3 0
github.com/datdev2409/lab-admin-go/internal/sheets/components.go:63.34,65.4 1 0
github.com/datdev2409/lab-admin-go/internal/sheets/components.go:68.3,83.26 7 0
github.com/datdev2409/lab-admin-go/internal/sheets/components.go:83.26,85.4 1 0
github.com/datdev2409/lab-admin-go/internal/sheets/components.go:85.9,87.4 1 0
github.com/datdev2409/lab-admin-go/internal/sheets/components.go:90.3,96.43 3 0
github.com/datdev2409/lab-admin-go/internal/sheets/components.go:100.2,102.12 2 0
github.com/datdev2409/lab-admin-go/internal/sheets/components.go:106.43,108.2 1 0
github.com/datdev2409/lab-admin-go/internal/sheets/components.go:127.21,136.2 1 0
github.com/datdev2409/lab-admin-go/internal/sheets/components.go:139.61,217.2 49 0
github.com/datdev2409/lab-admin-go/internal/sheets/components.go:220.44,222.2 1 0
github.com/datdev2409/lab-admin-go/internal/sheets/components.go:225.39,226.19 1 0
github.com/datdev2409/lab-admin-go/internal/sheets/components.go:226.19,228.3 1 0
github.com/datdev2409/lab-admin-go/internal/sheets/components.go:230.2,230.35 1 0
github.com/datdev2409/lab-admin-go/internal/sheets/excel2pdf.go:17.78,19.24 2 0
github.com/datdev2409/lab-admin-go/internal/sheets/excel2pdf.go:19.24,21.3 1 0
github.com/datdev2409/lab-admin-go/internal/sheets/excel2pdf.go:23.2,30.16 6 0
github.com/datdev2409/lab-admin-go/internal/sheets/excel2pdf.go:30.16,33.3 2 0
github.com/datdev2409/lab-admin-go/internal/sheets/excel2pdf.go:34.2,37.16 3 0
github.com/datdev2409/lab-admin-go/internal/sheets/excel2pdf.go:37.16,40.3 2 0
github.com/datdev2409/lab-admin-go/internal/sheets/excel2pdf.go:42.2,43.16 2 0
github.com/datdev2409/lab-admin-go/internal/sheets/excel2pdf.go:43.16,46.3 2 0
github.com/datdev2409/lab-admin-go/internal/sheets/excel2pdf.go:48.2,49.16 2 0
github.com/datdev2409/lab-admin-go/internal/sheets/excel2pdf.go:49.16,52.3 2 0
github.com/datdev2409/lab-admin-go/internal/sheets/excel2pdf.go:54.2,56.16 3 0
github.com/datdev2409/lab-admin-go/internal/sheets/excel2pdf.go:56.16,59.3 2 0
github.com/datdev2409/lab-admin-go/internal/sheets/excel2pdf.go:61.2,63.16 3 0
github.com/datdev2409/lab-admin-go/internal/sheets/excel2pdf.go:63.16,66.3 2 0
github.com/datdev2409/lab-admin-go/internal/sheets/excel2pdf.go:67.2,71.16 3 0
github.com/datdev2409/lab-admin-go/internal/sheets/excel2pdf.go:71.16,74.3 2 0
github.com/datdev2409/lab-admin-go/internal/sheets/excel2pdf.go:75.2,78.16 3 0
github.com/datdev2409/lab-admin-go/internal/sheets/excel2pdf.go:78.16,81.3 2 0
github.com/datdev2409/lab-admin-go/internal/sheets/excel2pdf.go:83.2,83.28 1 0
github.com/datdev2409/lab-admin-go/internal/sheets/generator.go:15.101,16.20 1 0
github.com/datdev2409/lab-admin-go/internal/sheets/generator.go:17.28,18.31 1 0
github.com/datdev2409/lab-admin-go/internal/sheets/generator.go:19.28,20.30 1 0
github.com/datdev2409/lab-admin-go/internal/sheets/generator.go:21.35,22.36 1 0
github.com/datdev2409/lab-admin-go/internal/sheets/generator.go:23.38,24.36 1 0
github.com/datdev2409/lab-admin-go/internal/sheets/generator.go:25.29,26.32 1 0
github.com/datdev2409/lab-admin-go/internal/sheets/generator.go:27.28,28.37 1 0
github.com/datdev2409/lab-admin-go/internal/sheets/generator.go:30.2,30.51 1 0
github.com/datdev2409/lab-admin-go/internal/sheets/helper.go:8.36,9.16 1 0
github.com/datdev2409/lab-admin-go/internal/sheets/helper.go:9.16,11.3 1 0
github.com/datdev2409/lab-admin-go/internal/sheets/helper.go:14.2,18.32 3 0
github.com/datdev2409/lab-admin-go/internal/sheets/helper.go:18.32,19.40 1 0
github.com/datdev2409/lab-admin-go/internal/sheets/helper.go:19.40,21.4 1 0
github.com/datdev2409/lab-admin-go/internal/sheets/helper.go:22.3,22.25 1 0
github.com/datdev2409/lab-admin-go/internal/sheets/helper.go:25.2,25.15 1 0
github.com/datdev2409/lab-admin-go/internal/sheets/helper.go:31.41,32.18 1 0
github.com/datdev2409/lab-admin-go/internal/sheets/helper.go:32.18,34.3 1 0
github.com/datdev2409/lab-admin-go/internal/sheets/helper.go:37.2,37.60 1 0
github.com/datdev2409/lab-admin-go/internal/sheets/helper.go:37.60,39.33 1 0
github.com/datdev2409/lab-admin-go/internal/sheets/helper.go:39.33,41.4 1 0
github.com/datdev2409/lab-admin-go/internal/sheets/helper.go:43.3,43.16 1 0
github.com/datdev2409/lab-admin-go/internal/sheets/helper.go:47.2,47.15 1 0
github.com/datdev2409/lab-admin-go/internal/sheets/helper.go:50.54,52.2 1 0
github.com/datdev2409/lab-admin-go/internal/sheets/page_setup.go:28.85,29.41 1 0
github.com/datdev2409/lab-admin-go/internal/sheets/page_setup.go:29.41,31.17 2 0
github.com/datdev2409/lab-admin-go/internal/sheets/page_setup.go:31.17,34.4 2 0
github.com/datdev2409/lab-admin-go/internal/sheets/page_setup.go:37.2,37.12 1 0
github.com/datdev2409/lab-admin-go/internal/sheets/page_setup.go:40.100,48.16 4 0
github.com/datdev2409/lab-admin-go/internal/sheets/page_setup.go:48.16,51.3 2 0
github.com/datdev2409/lab-admin-go/internal/sheets/page_setup.go:52.2,52.12 1 0
github.com/datdev2409/lab-admin-go/internal/sheets/page_setup.go:55.84,60.16 2 0
github.com/datdev2409/lab-admin-go/internal/sheets/page_setup.go:60.16,63.3 2 0
github.com/datdev2409/lab-admin-go/internal/sheets/page_setup.go:65.2,73.16 2 0
github.com/datdev2409/lab-admin-go/internal/sheets/page_setup.go:73.16,76.3 2 0
github.com/datdev2409/lab-admin-go/internal/sheets/page_setup.go:78.2,78.12 1 0
github.com/datdev2409/lab-admin-go/internal/sheets/report_file.go:15.75,18.12 3 0
github.com/datdev2409/lab-admin-go/internal/sheets/report_file.go:18.12,19.16 1 0
github.com/datdev2409/lab-admin-go/internal/sheets/report_file.go:19.16,22.4 2 0
github.com/datdev2409/lab-admin-go/internal/sheets/report_file.go:23.3,23.36 1 0
github.com/datdev2409/lab-admin-go/internal/sheets/report_file.go:23.36,27.4 2 0
github.com/datdev2409/lab-admin-go/internal/sheets/report_file.go:30.2,30.15 1 0
github.com/datdev2409/lab-admin-go/internal/sheets/report_file.go:33.84,36.16 3 0
github.com/datdev2409/lab-admin-go/internal/sheets/report_file.go:36.16,38.3 1 0
github.com/datdev2409/lab-admin-go/internal/sheets/report_file.go:39.2,39.12 1 0
github.com/datdev2409/lab-admin-go/internal/sheets/result_online_report_generator.go:15.78,42.16 3 0
github.com/datdev2409/lab-admin-go/internal/sheets/result_online_report_generator.go:42.16,44.3 1 0
github.com/datdev2409/lab-admin-go/internal/sheets/result_online_report_generator.go:46.2,46.95 1 0
github.com/datdev2409/lab-admin-go/internal/sheets/result_online_report_generator.go:46.95,48.3 1 0
github.com/datdev2409/lab-admin-go/internal/sheets/result_online_report_generator.go:50.2,50.61 1 0
github.com/datdev2409/lab-admin-go/internal/sheets/result_online_report_generator.go:53.96,55.9 2 0
github.com/datdev2409/lab-admin-go/internal/sheets/result_online_report_generator.go:55.9,57.3 1 0
github.com/datdev2409/lab-admin-go/internal/sheets/result_online_report_generator.go:59.2,66.48 5 0
github.com/datdev2409/lab-admin-go/internal/sheets/result_online_report_generator.go:66.48,68.3 1 0
github.com/datdev2409/lab-admin-go/internal/sheets/result_online_report_generator.go:71.2,72.45 2 0
github.com/datdev2409/lab-admin-go/internal/sheets/result_online_report_generator.go:72.45,74.3 1 0
github.com/datdev2409/lab-admin-go/internal/sheets/result_online_report_generator.go:77.2,81.16 4 0
github.com/datdev2409/lab-admin-go/internal/sheets/result_online_report_generator.go:81.16,83.3 1 0
github.com/datdev2409/lab-admin-go/internal/sheets/result_online_report_generator.go:85.2,85.27 1 0
github.com/datdev2409/lab-admin-go/internal/sheets/result_report_generator.go:15.66,39.16 3 0
github.com/datdev2409/lab-admin-go/internal/sheets/result_report_generator.go:39.16,41.3 1 0
github.com/datdev2409/lab-admin-go/internal/sheets/result_report_generator.go:43.2,43.90 1 0
github.com/datdev2409/lab-admin-go/internal/sheets/result_report_generator.go:43.90,45.3 1 0
github.com/datdev2409/lab-admin-go/internal/sheets/result_report_generator.go:47.2,47.55 1 0
github.com/datdev2409/lab-admin-go/internal/sheets/result_report_generator.go:50.90,52.9 2 0
github.com/datdev2409/lab-admin-go/internal/sheets/result_report_generator.go:52.9,54.3 1 0
github.com/datdev2409/lab-admin-go/internal/sheets/result_report_generator.go:56.2,63.48 5 0
github.com/datdev2409/lab-admin-go/internal/sheets/result_report_generator.go:63.48,65.3 1 0
github.com/datdev2409/lab-admin-go/internal/sheets/result_report_generator.go:67.2,71.45 3 0
github.com/datdev2409/lab-admin-go/internal/sheets/result_report_generator.go:71.45,73.3 1 0
github.com/datdev2409/lab-admin-go/internal/sheets/result_report_generator.go:77.2,83.45 3 0
github.com/datdev2409/lab-admin-go/internal/sheets/result_report_generator.go:83.45,85.3 1 0
github.com/datdev2409/lab-admin-go/internal/sheets/result_report_generator.go:88.2,92.16 4 0
github.com/datdev2409/lab-admin-go/internal/sheets/result_report_generator.go:92.16,94.3 1 0
github.com/datdev2409/lab-admin-go/internal/sheets/result_report_generator.go:96.2,96.27 1 0
github.com/datdev2409/lab-admin-go/internal/sheets/revenue_report_generator.go:18.80,43.16 3 0
github.com/datdev2409/lab-admin-go/internal/sheets/revenue_report_generator.go:43.16,45.3 1 0
github.com/datdev2409/lab-admin-go/internal/sheets/revenue_report_generator.go:47.2,47.55 1 0
github.com/datdev2409/lab-admin-go/internal/sheets/revenue_report_generator.go:47.55,49.3 1 0
github.com/datdev2409/lab-admin-go/internal/sheets/revenue_report_generator.go:51.2,51.62 1 0
github.com/datdev2409/lab-admin-go/internal/sheets/revenue_report_generator.go:54.98,56.9 2 0
github.com/datdev2409/lab-admin-go/internal/sheets/revenue_report_generator.go:56.9,58.3 1 0
github.com/datdev2409/lab-admin-go/internal/sheets/revenue_report_generator.go:60.2,68.16 6 0
github.com/datdev2409/lab-admin-go/internal/sheets/revenue_report_generator.go:68.16,71.3 2 0
github.com/datdev2409/lab-admin-go/internal/sheets/revenue_report_generator.go:73.2,98.22 17 0
github.com/datdev2409/lab-admin-go/internal/sheets/revenue_report_generator.go:98.22,101.3 2 0
github.com/datdev2409/lab-admin-go/internal/sheets/revenue_report_generator.go:104.2,104.47 1 0
github.com/datdev2409/lab-admin-go/internal/sheets/revenue_report_generator.go:104.47,108.3 3 0
github.com/datdev2409/lab-admin-go/internal/sheets/revenue_report_generator.go:110.2,114.31 3 0
github.com/datdev2409/lab-admin-go/internal/sheets/revenue_report_generator.go:114.31,117.3 2 0
github.com/datdev2409/lab-admin-go/internal/sheets/revenue_report_generator.go:119.2,120.46 2 0
github.com/datdev2409/lab-admin-go/internal/sheets/revenue_report_generator.go:120.46,126.33 4 0
github.com/datdev2409/lab-admin-go/internal/sheets/revenue_report_generator.go:126.33,128.4 1 0
github.com/datdev2409/lab-admin-go/internal/sheets/revenue_report_generator.go:131.3,146.17 5 0
github.com/datdev2409/lab-admin-go/internal/sheets/revenue_report_generator.go:146.17,149.4 2 0
github.com/datdev2409/lab-admin-go/internal/sheets/revenue_report_generator.go:152.3,152.43 1 0
github.com/datdev2409/lab-admin-go/internal/sheets/revenue_report_generator.go:152.43,158.16 4 0
github.com/datdev2409/lab-admin-go/internal/sheets/revenue_report_generator.go:158.16,160.5 1 0
github.com/datdev2409/lab-admin-go/internal/sheets/revenue_report_generator.go:160.10,162.5 1 0
github.com/datdev2409/lab-admin-go/internal/sheets/revenue_report_generator.go:164.4,164.72 1 0
github.com/datdev2409/lab-admin-go/internal/sheets/revenue_report_generator.go:167.3,169.15 3 0
github.com/datdev2409/lab-admin-go/internal/sheets/revenue_report_generator.go:173.2,183.31 9 0
github.com/datdev2409/lab-admin-go/internal/sheets/revenue_report_generator.go:183.31,187.3 3 0
github.com/datdev2409/lab-admin-go/internal/sheets/revenue_report_generator.go:189.2,195.16 5 0
github.com/datdev2409/lab-admin-go/internal/sheets/revenue_report_generator.go:195.16,198.3 2 0
github.com/datdev2409/lab-admin-go/internal/sheets/revenue_report_generator.go:200.2,200.27 1 0
github.com/datdev2409/lab-admin-go/internal/sheets/storer.go:19.118,20.53 1 0
github.com/datdev2409/lab-admin-go/internal/sheets/storer.go:20.53,22.3 1 0
github.com/datdev2409/lab-admin-go/internal/sheets/storer.go:24.2,27.16 3 0
github.com/datdev2409/lab-admin-go/internal/sheets/storer.go:27.16,29.3 1 0
github.com/datdev2409/lab-admin-go/internal/sheets/storer.go:30.2,33.16 3 0
github.com/datdev2409/lab-admin-go/internal/sheets/storer.go:33.16,36.3 2 0
github.com/datdev2409/lab-admin-go/internal/sheets/storer.go:38.2,40.22 2 0
github.com/datdev2409/lab-admin-go/internal/sheets/style_manager.go:60.78,95.16 12 0
github.com/datdev2409/lab-admin-go/internal/sheets/style_manager.go:95.16,97.3 1 0
github.com/datdev2409/lab-admin-go/internal/sheets/style_manager.go:99.2,251.11 2 0
github.com/datdev2409/lab-admin-go/internal/sheets/style_manager.go:255.63,262.2 1 0
github.com/datdev2409/lab-admin-go/internal/sheets/style_manager.go:264.61,265.52 1 0
github.com/datdev2409/lab-admin-go/internal/sheets/style_manager.go:265.52,267.3 1 0
github.com/datdev2409/lab-admin-go/internal/sheets/style_manager.go:269.2,270.13 2 0
github.com/datdev2409/lab-admin-go/internal/sheets/style_manager.go:270.13,273.3 2 0
github.com/datdev2409/lab-admin-go/internal/sheets/style_manager.go:275.2,276.16 2 0
github.com/datdev2409/lab-admin-go/internal/sheets/style_manager.go:276.16,279.3 2 0
github.com/datdev2409/lab-admin-go/internal/sheets/style_manager.go:281.2,282.16 2 0
github.com/datdev2409/lab-admin-go/internal/sheets/tracking_report_generator.go:23.70,44.16 3 0
github.com/datdev2409/lab-admin-go/internal/sheets/tracking_report_generator.go:44.16,46.3 1 0
github.com/datdev2409/lab-admin-go/internal/sheets/tracking_report_generator.go:48.2,48.55 1 0
github.com/datdev2409/lab-admin-go/internal/sheets/tracking_report_generator.go:48.55,50.3 1 0
github.com/datdev2409/lab-admin-go/internal/sheets/tracking_report_generator.go:52.2,52.57 1 0
github.com/datdev2409/lab-admin-go/internal/sheets/tracking_report_generator.go:55.93,58.9 2 0
github.com/datdev2409/lab-admin-go/internal/sheets/tracking_report_generator.go:58.9,60.3 1 0
github.com/datdev2409/lab-admin-go/internal/sheets/tracking_report_generator.go:62.2,66.42 3 0
github.com/datdev2409/lab-admin-go/internal/sheets/tracking_report_generator.go:66.42,68.3 1 0
github.com/datdev2409/lab-admin-go/internal/sheets/tracking_report_generator.go:70.2,77.25 4 0
github.com/datdev2409/lab-admin-go/internal/sheets/tracking_report_generator.go:77.25,80.17 3 0
github.com/datdev2409/lab-admin-go/internal/sheets/tracking_report_generator.go:80.17,82.4 1 0
github.com/datdev2409/lab-admin-go/internal/sheets/tracking_report_generator.go:86.2,87.16 2 0
github.com/datdev2409/lab-admin-go/internal/sheets/tracking_report_generator.go:87.16,89.3 1 0
github.com/datdev2409/lab-admin-go/internal/sheets/tracking_report_generator.go:92.2,93.16 2 0
github.com/datdev2409/lab-admin-go/internal/sheets/tracking_report_generator.go:93.16,95.3 1 0
github.com/datdev2409/lab-admin-go/internal/sheets/tracking_report_generator.go:98.2,100.45 3 0
github.com/datdev2409/lab-admin-go/internal/sheets/tracking_report_generator.go:100.45,102.3 1 0
github.com/datdev2409/lab-admin-go/internal/sheets/tracking_report_generator.go:104.2,104.56 1 0
github.com/datdev2409/lab-admin-go/internal/sheets/tracking_report_generator.go:104.56,106.3 1 0
github.com/datdev2409/lab-admin-go/internal/sheets/tracking_report_generator.go:108.2,108.27 1 0
github.com/datdev2409/lab-admin-go/internal/sheets/tracking_report_generator.go:112.112,140.2 15 0
github.com/datdev2409/lab-admin-go/internal/sheets/tracking_report_generator.go:143.137,152.33 4 0
github.com/datdev2409/lab-admin-go/internal/sheets/tracking_report_generator.go:152.33,154.3 1 0
github.com/datdev2409/lab-admin-go/internal/sheets/tracking_report_generator.go:157.2,157.33 1 0
github.com/datdev2409/lab-admin-go/internal/sheets/tracking_report_generator.go:157.33,162.3 4 0
github.com/datdev2409/lab-admin-go/internal/sheets/tracking_report_generator.go:165.2,165.36 1 0
github.com/datdev2409/lab-admin-go/internal/sheets/tracking_report_generator.go:165.36,182.17 9 0
github.com/datdev2409/lab-admin-go/internal/sheets/tracking_report_generator.go:182.17,184.4 1 0
github.com/datdev2409/lab-admin-go/internal/sheets/tracking_report_generator.go:187.3,187.44 1 0
github.com/datdev2409/lab-admin-go/internal/sheets/tracking_report_generator.go:187.44,193.46 4 0
github.com/datdev2409/lab-admin-go/internal/sheets/tracking_report_generator.go:193.46,194.37 1 0
github.com/datdev2409/lab-admin-go/internal/sheets/tracking_report_generator.go:194.37,196.11 2 0
github.com/datdev2409/lab-admin-go/internal/sheets/tracking_report_generator.go:201.4,201.25 1 0
github.com/datdev2409/lab-admin-go/internal/sheets/tracking_report_generator.go:201.25,206.28 3 0
github.com/datdev2409/lab-admin-go/internal/sheets/tracking_report_generator.go:206.28,208.6 1 0
github.com/datdev2409/lab-admin-go/internal/sheets/tracking_report_generator.go:208.11,210.6 1 0
github.com/datdev2409/lab-admin-go/internal/sheets/tracking_report_generator.go:211.10,214.5 1 0
github.com/datdev2409/lab-admin-go/internal/sheets/tracking_report_generator.go:218.2,218.12 1 0
github.com/datdev2409/lab-admin-go/internal/sheets/tracking_report_generator.go:222.68,223.23 1 0
github.com/datdev2409/lab-admin-go/internal/sheets/tracking_report_generator.go:223.23,225.3 1 0
github.com/datdev2409/lab-admin-go/internal/sheets/tracking_report_generator.go:228.2,228.60 1 0
github.com/datdev2409/lab-admin-go/internal/sheets/tracking_report_generator.go:228.60,231.3 1 0
github.com/datdev2409/lab-admin-go/internal/sheets/tracking_report_generator.go:231.8,231.36 1 0
github.com/datdev2409/lab-admin-go/internal/sheets/tracking_report_generator.go:231.36,234.3 1 0
github.com/datdev2409/lab-admin-go/internal/sheets/tracking_report_generator.go:234.8,234.40 1 0
github.com/datdev2409/lab-admin-go/internal/sheets/tracking_report_generator.go:234.40,237.3 1 0
github.com/datdev2409/lab-admin-go/internal/sheets/tracking_report_generator.go:237.8,240.3 1 0
github.com/datdev2409/lab-admin-go/internal/templates/pages/combo_create_page_templ.go:13.54,14.131 1 0
github.com/datdev2409/lab-admin-go/internal/templates/pages/combo_create_page_templ.go:14.131,16.71 2 0
github.com/datdev2409/lab-admin-go/internal/templates/pages/combo_create_page_templ.go:16.71,18.4 1 0
github.com/datdev2409/lab-admin-go/internal/templates/pages/combo_create_page_templ.go:19.3,20.31 2 0
github.com/datdev2409/lab-admin-go/internal/templates/pages/combo_create_page_templ.go:20.31,21.17 1 0
github.com/datdev2409/lab-admin-go/internal/templates/pages/combo_create_page_templ.go:21.17,23.34 2 0
github.com/datdev2409/lab-admin-go/internal/templates/pages/combo_create_page_templ.go:23.34,25.6 1 0
github.com/datdev2409/lab-admin-go/internal/templates/pages/combo_create_page_templ.go:28.3,30.33 3 0
github.com/datdev2409/lab-admin-go/internal/templates/pages/combo_create_page_templ.go:30.33,32.4 1 0
github.com/datdev2409/lab-admin-go/internal/templates/pages/combo_create_page_templ.go:33.3,34.148 2 0
github.com/datdev2409/lab-admin-go/internal/templates/pages/combo_create_page_templ.go:34.148,37.32 3 0
github.com/datdev2409/lab-admin-go/internal/templates/pages/combo_create_page_templ.go:37.32,38.18 1 0
github.com/datdev2409/lab-admin-go/internal/templates/pages/combo_create_page_templ.go:38.18,40.35 2 0
github.com/datdev2409/lab-admin-go/internal/templates/pages/combo_create_page_templ.go:40.35,42.7 1 0
github.com/datdev2409/lab-admin-go/internal/templates/pages/combo_create_page_templ.go:45.4,47.33 3 0
github.com/datdev2409/lab-admin-go/internal/templates/pages/combo_create_page_templ.go:47.33,49.5 1 0
github.com/datdev2409/lab-admin-go/internal/templates/pages/combo_create_page_templ.go:50.4,50.21 1 0
github.com/datdev2409/lab-admin-go/internal/templates/pages/combo_create_page_templ.go:50.21,52.34 2 0
github.com/datdev2409/lab-admin-go/internal/templates/pages/combo_create_page_templ.go:52.34,54.6 1 0
github.com/datdev2409/lab-admin-go/internal/templates/pages/combo_create_page_templ.go:55.10,57.34 2 0
github.com/datdev2409/lab-admin-go/internal/templates/pages/combo_create_page_templ.go:57.34,59.6 1 0
github.com/datdev2409/lab-admin-go/internal/templates/pages/combo_create_page_templ.go:61.4,62.33 2 0
github.com/datdev2409/lab-admin-go/internal/templates/pages/combo_create_page_templ.go:62.33,64.5 1 0
github.com/datdev2409/lab-admin-go/internal/templates/pages/combo_create_page_templ.go:65.4,66.33 2 0
github.com/datdev2409/lab-admin-go/internal/templates/pages/combo_create_page_templ.go:66.33,68.5 1 0
github.com/datdev2409/lab-admin-go/internal/templates/pages/combo_create_page_templ.go:69.4,70.33 2 0
github.com/datdev2409/lab-admin-go/internal/templates/pages/combo_create_page_templ.go:70.33,72.5 1 0
github.com/datdev2409/lab-admin-go/internal/templates/pages/combo_create_page_templ.go:73.4,73.14 1 0
github.com/datdev2409/lab-admin-go/internal/templates/pages/combo_create_page_templ.go:75.3,76.32 2 0
github.com/datdev2409/lab-admin-go/internal/templates/pages/combo_create_page_templ.go:76.32,78.4 1 0
github.com/datdev2409/lab-admin-go/internal/templates/pages/combo_create_page_templ.go:79.3,79.13 1 0
github.com/datdev2409/lab-admin-go/internal/templates/pages/combo_page_templ.go:13.48,14.131 1 0
github.com/datdev2409/lab-admin-go/internal/templates/pages/combo_page_templ.go:14.131,16.71 2 0
github.com/datdev2409/lab-admin-go/internal/templates/pages/combo_page_templ.go:16.71,18.4 1 0
github.com/datdev2409/lab-admin-go/internal/templates/pages/combo_page_templ.go:19.3,20.31 2 0
github.com/datdev2409/lab-admin-go/internal/templates/pages/combo_page_templ.go:20.31,21.17 1 0
github.com/datdev2409/lab-admin-go/internal/templates/pages/combo_page_templ.go:21.17,23.34 2 0
github.com/datdev2409/lab-admin-go/internal/templates/pages/combo_page_templ.go:23.34,25.6 1 0
github.com/datdev2409/lab-admin-go/internal/templates/pages/combo_page_templ.go:28.3,30.33 3 0
github.com/datdev2409/lab-admin-go/internal/templates/pages/combo_page_templ.go:30.33,32.4 1 0
github.com/datdev2409/lab-admin-go/internal/templates/pages/combo_page_templ.go:33.3,34.148 2 0
github.com/datdev2409/lab-admin-go/internal/templates/pages/combo_page_templ.go:34.148,37.32 3 0
github.com/datdev2409/lab-admin-go/internal/templates/pages/combo_page_templ.go:37.32,38.18 1 0
github.com/datdev2409/lab-admin-go/internal/templates/pages/combo_page_templ.go:38.18,40.35 2 0
github.com/datdev2409/lab-admin-go/internal/templates/pages/combo_page_templ.go:40.35,42.7 1 0
github.com/datdev2409/lab-admin-go/internal/templates/pages/combo_page_templ.go:45.4,47.33 3 0
github.com/datdev2409/lab-admin-go/internal/templates/pages/combo_page_templ.go:47.33,49.5 1 0
github.com/datdev2409/lab-admin-go/internal/templates/pages/combo_page_templ.go:50.4,51.33 2 0
github.com/datdev2409/lab-admin-go/internal/templates/pages/combo_page_templ.go:51.33,53.5 1 0
[...]
github.com/datdev2409/lab-admin-go/internal/templates/partials/test_create_modal_templ.go:57.32,59.4 1 0
github.com/datdev2409/lab-admin-go/internal/templates/partials/test_create_modal_templ.go:60.3,61.32 2 0
github.com/datdev2409/lab-admin-go/internal/templates/partials/test_create_modal_templ.go:61.32,63.4 1 0
github.com/datdev2409/lab-admin-go/internal/templates/partials/test_create_modal_templ.go:64.3,65.32 2 0
github.com/datdev2409/lab-admin-go/internal/templates/partials/test_create_modal_templ.go:65.32,67.4 1 0
github.com/datdev2409/lab-admin-go/internal/templates/partials/test_create_modal_templ.go:68.3,69.32 2 0
github.com/datdev2409/lab-admin-go/internal/templates/partials/test_create_modal_templ.go:69.32,71.4 1 0
github.com/datdev2409/lab-admin-go/internal/templates/partials/test_create_modal_templ.go:72.3,73.32 2 0
github.com/datdev2409/lab-admin-go/internal/templates/partials/test_create_modal_templ.go:73.32,75.4 1 0
github.com/datdev2409/lab-admin-go/internal/templates/partials/test_create_modal_templ.go:76.3,76.13 1 0
github.com/datdev2409/lab-admin-go/internal/templates/partials/test_table_header_templ.go:11.51,12.131 1 0
github.com/datdev2409/lab-admin-go/internal/templates/partials/test_table_header_templ.go:12.131,14.71 2 0
github.com/datdev2409/lab-admin-go/internal/templates/partials/test_table_header_templ.go:14.71,16.4 1 0
github.com/datdev2409/lab-admin-go/internal/templates/partials/test_table_header_templ.go:17.3,18.31 2 0
github.com/datdev2409/lab-admin-go/internal/templates/partials/test_table_header_templ.go:18.31,19.17 1 0
github.com/datdev2409/lab-admin-go/internal/templates/partials/test_table_header_templ.go:19.17,21.34 2 0
github.com/datdev2409/lab-admin-go/internal/templates/partials/test_table_header_templ.go:21.34,23.6 1 0
github.com/datdev2409/lab-admin-go/internal/templates/partials/test_table_header_templ.go:26.3,28.33 3 0
github.com/datdev2409/lab-admin-go/internal/templates/partials/test_table_header_templ.go:28.33,30.4 1 0
github.com/datdev2409/lab-admin-go/internal/templates/partials/test_table_header_templ.go:31.3,33.32 3 0
github.com/datdev2409/lab-admin-go/internal/templates/partials/test_table_header_templ.go:33.32,35.4 1 0
github.com/datdev2409/lab-admin-go/internal/templates/partials/test_table_header_templ.go:36.3,36.15 1 0
github.com/datdev2409/lab-admin-go/internal/templates/partials/test_table_header_templ.go:37.20,39.33 2 0
github.com/datdev2409/lab-admin-go/internal/templates/partials/test_table_header_templ.go:39.33,41.5 1 0
github.com/datdev2409/lab-admin-go/internal/templates/partials/test_table_header_templ.go:42.22,44.33 2 0
github.com/datdev2409/lab-admin-go/internal/templates/partials/test_table_header_templ.go:44.33,46.5 1 0
github.com/datdev2409/lab-admin-go/internal/templates/partials/test_table_header_templ.go:48.3,49.32 2 0
github.com/datdev2409/lab-admin-go/internal/templates/partials/test_table_header_templ.go:49.32,51.4 1 0
github.com/datdev2409/lab-admin-go/internal/templates/partials/test_table_header_templ.go:52.3,52.13 1 0
github.com/datdev2409/lab-admin-go/internal/templates/partials/test_table_templ.go:11.34,12.131 1 0
github.com/datdev2409/lab-admin-go/internal/templates/partials/test_table_templ.go:12.131,14.71 2 0
github.com/datdev2409/lab-admin-go/internal/templates/partials/test_table_templ.go:14.71,16.4 1 0
github.com/datdev2409/lab-admin-go/internal/templates/partials/test_table_templ.go:17.3,18.31 2 0
github.com/datdev2409/lab-admin-go/internal/templates/partials/test_table_templ.go:18.31,19.17 1 0
github.com/datdev2409/lab-admin-go/internal/templates/partials/test_table_templ.go:19.17,21.34 2 0
github.com/datdev2409/lab-admin-go/internal/templates/partials/test_table_templ.go:21.34,23.6 1 0
github.com/datdev2409/lab-admin-go/internal/templates/partials/test_table_templ.go:26.3,28.33 3 0
github.com/datdev2409/lab-admin-go/internal/templates/partials/test_table_templ.go:28.33,30.4 1 0
github.com/datdev2409/lab-admin-go/internal/templates/partials/test_table_templ.go:31.3,33.32 3 0
github.com/datdev2409/lab-admin-go/internal/templates/partials/test_table_templ.go:33.32,35.4 1 0
github.com/datdev2409/lab-admin-go/internal/templates/partials/test_table_templ.go:36.3,37.32 2 0
github.com/datdev2409/lab-admin-go/internal/templates/partials/test_table_templ.go:37.32,39.4 1 0
github.com/datdev2409/lab-admin-go/internal/templates/partials/test_table_templ.go:40.3,41.32 2 0
github.com/datdev2409/lab-admin-go/internal/templates/partials/test_table_templ.go:41.32,43.4 1 0
github.com/datdev2409/lab-admin-go/internal/templates/partials/test_table_templ.go:44.3,44.13 1 0
github.com/datdev2409/lab-admin-go/internal/templates/partials/tracking_autocomplete_templ.go:11.45,12.131 1 0
github.com/datdev2409/lab-admin-go/internal/templates/partials/tracking_autocomplete_templ.go:12.131,14.71 2 0
github.com/datdev2409/lab-admin-go/internal/templates/partials/tracking_autocomplete_templ.go:14.71,16.4 1 0
github.com/datdev2409/lab-admin-go/internal/templates/partials/tracking_autocomplete_templ.go:17.3,18.31 2 0
github.com/datdev2409/lab-admin-go/internal/templates/partials/tracking_autocomplete_templ.go:18.31,19.17 1 0
github.com/datdev2409/lab-admin-go/internal/templates/partials/tracking_autocomplete_templ.go:19.17,21.34 2 0
github.com/datdev2409/lab-admin-go/internal/templates/partials/tracking_autocomplete_templ.go:21.34,23.6 1 0
github.com/datdev2409/lab-admin-go/internal/templates/partials/tracking_autocomplete_templ.go:26.3,28.33 3 0
github.com/datdev2409/lab-admin-go/internal/templates/partials/tracking_autocomplete_templ.go:28.33,30.4 1 0
github.com/datdev2409/lab-admin-go/internal/templates/partials/tracking_autocomplete_templ.go:31.3,33.32 3 0
github.com/datdev2409/lab-admin-go/internal/templates/partials/tracking_autocomplete_templ.go:33.32,35.4 1 0
github.com/datdev2409/lab-admin-go/internal/templates/partials/tracking_autocomplete_templ.go:36.3,36.13 1 0
github.com/datdev2409/lab-admin-go/internal/templates/partials/tracking_row_templ.go:13.61,14.131 1 0
github.com/datdev2409/lab-admin-go/internal/templates/partials/tracking_row_templ.go:14.131,16.71 2 0
github.com/datdev2409/lab-admin-go/internal/templates/partials/tracking_row_templ.go:16.71,18.4 1 0
github.com/datdev2409/lab-admin-go/internal/templates/partials/tracking_row_templ.go:19.3,20.31 2 0
github.com/datdev2409/lab-admin-go/internal/templates/partials/tracking_row_templ.go:20.31,21.17 1 0
github.com/datdev2409/lab-admin-go/internal/templates/partials/tracking_row_templ.go:21.17,23.34 2 0
github.com/datdev2409/lab-admin-go/internal/templates/partials/tracking_row_templ.go:23.34,25.6 1 0
github.com/datdev2409/lab-admin-go/internal/templates/partials/tracking_row_templ.go:28.3,30.33 3 0
github.com/datdev2409/lab-admin-go/internal/templates/partials/tracking_row_templ.go:30.33,32.4 1 0
github.com/datdev2409/lab-admin-go/internal/templates/partials/tracking_row_templ.go:33.3,35.32 3 0
github.com/datdev2409/lab-admin-go/internal/templates/partials/tracking_row_templ.go:35.32,37.4 1 0
github.com/datdev2409/lab-admin-go/internal/templates/partials/tracking_row_templ.go:38.3,40.32 3 0
github.com/datdev2409/lab-admin-go/internal/templates/partials/tracking_row_templ.go:40.32,42.4 1 0
github.com/datdev2409/lab-admin-go/internal/templates/partials/tracking_row_templ.go:43.3,44.32 2 0
github.com/datdev2409/lab-admin-go/internal/templates/partials/tracking_row_templ.go:44.32,46.4 1 0
github.com/datdev2409/lab-admin-go/internal/templates/partials/tracking_row_templ.go:47.3,48.32 2 0
github.com/datdev2409/lab-admin-go/internal/templates/partials/tracking_row_templ.go:48.32,50.4 1 0
github.com/datdev2409/lab-admin-go/internal/templates/partials/tracking_row_templ.go:51.3,51.39 1 0
github.com/datdev2409/lab-admin-go/internal/templates/partials/tracking_row_templ.go:51.39,53.33 2 0
github.com/datdev2409/lab-admin-go/internal/templates/partials/tracking_row_templ.go:53.33,55.5 1 0
github.com/datdev2409/lab-admin-go/internal/templates/partials/tracking_row_templ.go:56.4,58.33 3 0
github.com/datdev2409/lab-admin-go/internal/templates/partials/tracking_row_templ.go:58.33,60.5 1 0
github.com/datdev2409/lab-admin-go/internal/templates/partials/tracking_row_templ.go:61.4,62.33 2 0
github.com/datdev2409/lab-admin-go/internal/templates/partials/tracking_row_templ.go:62.33,64.5 1 0
github.com/datdev2409/lab-admin-go/internal/templates/partials/tracking_row_templ.go:65.4,66.33 2 0
github.com/datdev2409/lab-admin-go/internal/templates/partials/tracking_row_templ.go:66.33,68.5 1 0
github.com/datdev2409/lab-admin-go/internal/templates/partials/tracking_row_templ.go:70.3,71.32 2 0
github.com/datdev2409/lab-admin-go/internal/templates/partials/tracking_row_templ.go:71.32,73.4 1 0
github.com/datdev2409/lab-admin-go/internal/templates/partials/tracking_row_templ.go:74.3,74.13 1 0
github.com/datdev2409/lab-admin-go/internal/templates/partials/tracking_table_templ.go:13.66,14.131 1 0
github.com/datdev2409/lab-admin-go/internal/templates/partials/tracking_table_templ.go:14.131,16.71 2 0
github.com/datdev2409/lab-admin-go/internal/templates/partials/tracking_table_templ.go:16.71,18.4 1 0
github.com/datdev2409/lab-admin-go/internal/templates/partials/tracking_table_templ.go:19.3,20.31 2 0
github.com/datdev2409/lab-admin-go/internal/templates/partials/tracking_table_templ.go:20.31,21.17 1 0
github.com/datdev2409/lab-admin-go/internal/templates/partials/tracking_table_templ.go:21.17,23.34 2 0
github.com/datdev2409/lab-admin-go/internal/templates/partials/tracking_table_templ.go:23.34,25.6 1 0
github.com/datdev2409/lab-admin-go/internal/templates/partials/tracking_table_templ.go:28.3,30.33 3 0
github.com/datdev2409/lab-admin-go/internal/templates/partials/tracking_table_templ.go:30.33,32.4 1 0
github.com/datdev2409/lab-admin-go/internal/templates/partials/tracking_table_templ.go:33.3,35.32 3 0
github.com/datdev2409/lab-admin-go/internal/templates/partials/tracking_table_templ.go:35.32,37.4 1 0
github.com/datdev2409/lab-admin-go/internal/templates/partials/tracking_table_templ.go:38.3,38.38 1 0
github.com/datdev2409/lab-admin-go/internal/templates/partials/tracking_table_templ.go:38.38,40.33 2 0
github.com/datdev2409/lab-admin-go/internal/templates/partials/tracking_table_templ.go:40.33,42.5 1 0
github.com/datdev2409/lab-admin-go/internal/templates/partials/tracking_table_templ.go:44.3,45.32 2 0
github.com/datdev2409/lab-admin-go/internal/templates/partials/tracking_table_templ.go:45.32,47.4 1 0
github.com/datdev2409/lab-admin-go/internal/templates/partials/tracking_table_templ.go:48.3,48.13 1 0
github.com/datdev2409/lab-admin-go/internal/templates/partials/tracking_test_table_templ.go:13.66,14.131 1 0
github.com/datdev2409/lab-admin-go/internal/templates/partials/tracking_test_table_templ.go:14.131,16.71 2 0
github.com/datdev2409/lab-admin-go/internal/templates/partials/tracking_test_table_templ.go:16.71,18.4 1 0
github.com/datdev2409/lab-admin-go/internal/templates/partials/tracking_test_table_templ.go:19.3,20.31 2 0
github.com/datdev2409/lab-admin-go/internal/templates/partials/tracking_test_table_templ.go:20.31,21.17 1 0
github.com/datdev2409/lab-admin-go/internal/templates/partials/tracking_test_table_templ.go:21.17,23.34 2 0
github.com/datdev2409/lab-admin-go/internal/templates/partials/tracking_test_table_templ.go:23.34,25.6 1 0
github.com/datdev2409/lab-admin-go/internal/templates/partials/tracking_test_table_templ.go:28.3,30.33 3 0
github.com/datdev2409/lab-admin-go/internal/templates/partials/tracking_test_table_templ.go:30.33,32.4 1 0
github.com/datdev2409/lab-admin-go/internal/templates/partials/tracking_test_table_templ.go:33.3,35.32 3 0
github.com/datdev2409/lab-admin-go/internal/templates/partials/tracking_test_table_templ.go:35.32,37.4 1 0
github.com/datdev2409/lab-admin-go/internal/templates/partials/tracking_test_table_templ.go:38.3,38.30 1 0
github.com/datdev2409/lab-admin-go/internal/templates/partials/tracking_test_table_templ.go:38.30,40.33 2 0
github.com/datdev2409/lab-admin-go/internal/templates/partials/tracking_test_table_templ.go:40.33,42.5 1 0
github.com/datdev2409/lab-admin-go/internal/templates/partials/tracking_test_table_templ.go:43.4,45.33 3 0
github.com/datdev2409/lab-admin-go/internal/templates/partials/tracking_test_table_templ.go:45.33,47.5 1 0
github.com/datdev2409/lab-admin-go/internal/templates/partials/tracking_test_table_templ.go:48.4,49.33 2 0
github.com/datdev2409/lab-admin-go/internal/templates/partials/tracking_test_table_templ.go:49.33,51.5 1 0
github.com/datdev2409/lab-admin-go/internal/templates/partials/tracking_test_table_templ.go:52.4,53.33 2 0
github.com/datdev2409/lab-admin-go/internal/templates/partials/tracking_test_table_templ.go:53.33,55.5 1 0
github.com/datdev2409/lab-admin-go/internal/templates/partials/tracking_test_table_templ.go:56.4,58.33 3 0
github.com/datdev2409/lab-admin-go/internal/templates/partials/tracking_test_table_templ.go:58.33,60.5 1 0
github.com/datdev2409/lab-admin-go/internal/templates/partials/tracking_test_table_templ.go:61.4,62.33 2 0
github.com/datdev2409/lab-admin-go/internal/templates/partials/tracking_test_table_templ.go:62.33,64.5 1 0
github.com/datdev2409/lab-admin-go/internal/templates/partials/tracking_test_table_templ.go:65.4,66.33 2 0
github.com/datdev2409/lab-admin-go/internal/templates/partials/tracking_test_table_templ.go:66.33,68.5 1 0
github.com/datdev2409/lab-admin-go/internal/templates/partials/tracking_test_table_templ.go:69.4,71.33 3 0
github.com/datdev2409/lab-admin-go/internal/templates/partials/tracking_test_table_templ.go:71.33,73.5 1 0
github.com/datdev2409/lab-admin-go/internal/templates/partials/tracking_test_table_templ.go:74.4,75.33 2 0
github.com/datdev2409/lab-admin-go/internal/templates/partials/tracking_test_table_templ.go:75.33,77.5 1 0
github.com/datdev2409/lab-admin-go/internal/templates/partials/tracking_test_table_templ.go:78.4,79.33 2 0
github.com/datdev2409/lab-admin-go/internal/templates/partials/tracking_test_table_templ.go:79.33,81.5 1 0
github.com/datdev2409/lab-admin-go/internal/templates/partials/tracking_test_table_templ.go:83.3,84.32 2 0
github.com/datdev2409/lab-admin-go/internal/templates/partials/tracking_test_table_templ.go:84.32,86.4 1 0
github.com/datdev2409/lab-admin-go/internal/templates/partials/tracking_test_table_templ.go:87.3,87.13 1 0
github.com/datdev2409/lab-admin-go/internal/templates/partials/view_mode_tooltip_templ.go:11.52,12.131 1 0
github.com/datdev2409/lab-admin-go/internal/templates/partials/view_mode_tooltip_templ.go:12.131,14.71 2 0
github.com/datdev2409/lab-admin-go/internal/templates/partials/view_mode_tooltip_templ.go:14.71,16.4 1 0
github.com/datdev2409/lab-admin-go/internal/templates/partials/view_mode_tooltip_templ.go:17.3,18.31 2 0
github.com/datdev2409/lab-admin-go/internal/templates/partials/view_mode_tooltip_templ.go:18.31,19.17 1 0
github.com/datdev2409/lab-admin-go/internal/templates/partials/view_mode_tooltip_templ.go:19.17,21.34 2 0
github.com/datdev2409/lab-admin-go/internal/templates/partials/view_mode_tooltip_templ.go:21.34,23.6 1 0
github.com/datdev2409/lab-admin-go/internal/templates/partials/view_mode_tooltip_templ.go:26.3,28.33 3 0
github.com/datdev2409/lab-admin-go/internal/templates/partials/view_mode_tooltip_templ.go:28.33,30.4 1 0
github.com/datdev2409/lab-admin-go/internal/templates/partials/view_mode_tooltip_templ.go:31.3,33.32 3 0
github.com/datdev2409/lab-admin-go/internal/templates/partials/view_mode_tooltip_templ.go:33.32,35.4 1 0
github.com/datdev2409/lab-admin-go/internal/templates/partials/view_mode_tooltip_templ.go:36.3,38.32 3 0
github.com/datdev2409/lab-admin-go/internal/templates/partials/view_mode_tooltip_templ.go:38.32,40.4 1 0
github.com/datdev2409/lab-admin-go/internal/templates/partials/view_mode_tooltip_templ.go:41.3,42.32 2 0
github.com/datdev2409/lab-admin-go/internal/templates/partials/view_mode_tooltip_templ.go:42.32,44.4 1 0
github.com/datdev2409/lab-admin-go/internal/templates/partials/view_mode_tooltip_templ.go:45.3,46.32 2 0
github.com/datdev2409/lab-admin-go/internal/templates/partials/view_mode_tooltip_templ.go:46.32,48.4 1 0
github.com/datdev2409/lab-admin-go/internal/templates/partials/view_mode_tooltip_templ.go:49.3,49.13 1 0
github.com/datdev2409/lab-admin-go/internal/templates/partials/view_mode_tooltip_templ.go:53.60,54.131 1 0
github.com/datdev2409/lab-admin-go/internal/templates/partials/view_mode_tooltip_templ.go:54.131,56.71 2 0
github.com/datdev2409/lab-admin-go/internal/templates/partials/view_mode_tooltip_templ.go:56.71,58.4 1 0
github.com/datdev2409/lab-admin-go/internal/templates/partials/view_mode_tooltip_templ.go:59.3,60.31 2 0
github.com/datdev2409/lab-admin-go/internal/templates/partials/view_mode_tooltip_templ.go:60.31,61.17 1 0
github.com/datdev2409/lab-admin-go/internal/templates/partials/view_mode_tooltip_templ.go:61.17,63.34 2 0
github.com/datdev2409/lab-admin-go/internal/templates/partials/view_mode_tooltip_templ.go:63.34,65.6 1 0
github.com/datdev2409/lab-admin-go/internal/templates/partials/view_mode_tooltip_templ.go:68.3,70.33 3 0
github.com/datdev2409/lab-admin-go/internal/templates/partials/view_mode_tooltip_templ.go:70.33,72.4 1 0
github.com/datdev2409/lab-admin-go/internal/templates/partials/view_mode_tooltip_templ.go:73.3,75.32 3 0
github.com/datdev2409/lab-admin-go/internal/templates/partials/view_mode_tooltip_templ.go:75.32,77.4 1 0
github.com/datdev2409/lab-admin-go/internal/templates/partials/view_mode_tooltip_templ.go:78.3,80.32 3 0
github.com/datdev2409/lab-admin-go/internal/templates/partials/view_mode_tooltip_templ.go:80.32,82.4 1 0
github.com/datdev2409/lab-admin-go/internal/templates/partials/view_mode_tooltip_templ.go:83.3,84.32 2 0
github.com/datdev2409/lab-admin-go/internal/templates/partials/view_mode_tooltip_templ.go:84.32,86.4 1 0
github.com/datdev2409/lab-admin-go/internal/templates/partials/view_mode_tooltip_templ.go:87.3,88.32 2 0
github.com/datdev2409/lab-admin-go/internal/templates/partials/view_mode_tooltip_templ.go:88.32,90.4 1 0
github.com/datdev2409/lab-admin-go/internal/templates/partials/view_mode_tooltip_templ.go:91.3,91.13 1 0
github.com/datdev2409/lab-admin-go/internal/models/combo.go:24.53,34.2 3 3
github.com/datdev2409/lab-admin-go/internal/models/doctor.go:16.67,27.2 3 2
github.com/datdev2409/lab-admin-go/internal/models/doctor.go:51.32,53.2 1 1
github.com/datdev2409/lab-admin-go/internal/models/helper.go:8.55,10.16 2 4
github.com/datdev2409/lab-admin-go/internal/models/helper.go:10.16,12.3 1 2
github.com/datdev2409/lab-admin-go/internal/models/helper.go:13.2,14.53 2 2
github.com/datdev2409/lab-admin-go/internal/models/helper.go:14.53,16.3 1 0
github.com/datdev2409/lab-admin-go/internal/models/helper.go:17.2,17.20 1 2
github.com/datdev2409/lab-admin-go/internal/models/helper.go:20.45,22.2 1 36
github.com/datdev2409/lab-admin-go/internal/models/patient.go:19.96,32.2 3 9
github.com/datdev2409/lab-admin-go/internal/models/patient.go:46.37,47.13 1 3
github.com/datdev2409/lab-admin-go/internal/models/patient.go:47.13,49.3 1 1
github.com/datdev2409/lab-admin-go/internal/models/patient.go:50.2,50.11 1 2
github.com/datdev2409/lab-admin-go/internal/models/record.go:33.84,45.2 3 8
github.com/datdev2409/lab-admin-go/internal/models/record.go:48.123,53.2 4 6
github.com/datdev2409/lab-admin-go/internal/models/record.go:56.35,58.2 1 7
github.com/datdev2409/lab-admin-go/internal/models/record.go:61.57,64.2 2 1
github.com/datdev2409/lab-admin-go/internal/models/record.go:67.32,70.2 2 1
github.com/datdev2409/lab-admin-go/internal/models/test.go:39.102,52.2 2 2
github.com/datdev2409/lab-admin-go/internal/models/test.go:54.30,56.2 1 1
github.com/datdev2409/lab-admin-go/internal/models/tracking.go:34.76,36.36 2 3
github.com/datdev2409/lab-admin-go/internal/models/tracking.go:36.36,38.3 1 2
github.com/datdev2409/lab-admin-go/internal/models/tracking.go:40.2,44.3 1 3
github.com/datdev2409/lab-admin-go/internal/models/user.go:11.47,18.2 2 3
